#
# A fatal error has been detected by the Java Runtime Environment:
#
#  SIGSEGV (0xb) at pc=0x00007f2573c1b79e, pid=5928, tid=139797926774528
#
# JRE version: OpenJDK Runtime Environment (8.0_45-b14) (build 1.8.0_45-internal-b14)
# Java VM: OpenJDK 64-Bit Server VM (25.45-b02 mixed mode linux-amd64 compressed oops)
# Problematic frame:
# V  [libjvm.so+0x87179e]  Method::checked_resolve_jmethod_id(_jmethodID*)+0xe
#
# Failed to write core dump. Core dumps have been disabled. To enable core dumping, try "ulimit -c unlimited" before starting Java again
#
# If you would like to submit a bug report, please visit:
#   http://bugreport.java.com/bugreport/crash.jsp
#

---------------  T H R E A D  ---------------

Current thread (0x00007f256c257000):  JavaThread "JDWP Transport Listener: dt_socket" daemon [_thread_in_vm, id=5948, stack(0x00007f253db40000,0x00007f253dc41000)]

siginfo: si_signo: 11 (SIGSEGV), si_code: 128 (SI_KERNEL), si_addr: 0x0000000000000000

Registers:
RAX=0x0000000000000063, RBX=0x00007f256c004c50, RCX=0x00007f257454b340, RDX=0x0000000000000001
RSP=0x00007f253dc3fa90, RBP=0x00007f253dc3faa0, RSI=0x00007f256c257000, RDI=0x003b79747265706f
R8 =0x00007f252c00c5a0, R9 =0x0000000000000000, R10=0x0000000000000033, R11=0x0000000000000030
R12=0x00007f253dc3fb8f, R13=0x003b79747265706f, R14=0x00007f256c257000, R15=0x00007f253dc3fac0
RIP=0x00007f2573c1b79e, EFLAGS=0x0000000000010206, CSGSFS=0x0000000000000033, ERR=0x0000000000000000
  TRAPNO=0x000000000000000d

Top of Stack: (sp=0x00007f253dc3fa90)
0x00007f253dc3fa90:   00007f253dc3fb8f 00007f256c004c50
0x00007f253dc3faa0:   00007f253dc3fb20 00007f2573a8f79d
0x00007f253dc3fab0:   00007f253dc3fad0 00007f256c004c50
0x00007f253dc3fac0:   00007f256c257000 0000000000000000
0x00007f253dc3fad0:   00007f2500000000 0000000000000000
0x00007f253dc3fae0:   00007f253dc3fb00 271cfed0282f4900
0x00007f253dc3faf0:   00007f256c257000 00007f253dc3fb8f
0x00007f253dc3fb00:   00007f2572326040 003b79747265706f
0x00007f253dc3fb10:   00007f253dc3fb8f 00007f253dc3fb94
0x00007f253dc3fb20:   00007f253dc3fb50 00007f2572111769
0x00007f253dc3fb30:   00007f253dc3fb50 0000000000000002
0x00007f253dc3fb40:   00007f253dc3fc60 003b79747265706f
0x00007f253dc3fb50:   00007f253dc3fbf0 00007f25720f18f0
0x00007f253dc3fb60:   00007f252c00c380 00007f253dc3fba8
0x00007f253dc3fb70:   00007f253dc3fbb0 000000012c007810
0x00007f253dc3fb80:   00007f253dc3fbb0 01007f25720f6b19
0x00007f253dc3fb90:   f000100a00000003 00007f252c00bff0
0x00007f253dc3fba0:   0000000000000000 0000000000000000
0x00007f253dc3fbb0:   0000000000000000 271cfed0282f4900
0x00007f253dc3fbc0:   000000000000000f 0000000000000002
0x00007f253dc3fbd0:   00007f253dc3fc30 000000000000000f
0x00007f253dc3fbe0:   00007f253dc3fc60 00007f2572326040
0x00007f253dc3fbf0:   00007f253dc3fe20 00007f25720fbb28
0x00007f253dc3fc00:   00007f257433d3f0 00007f25000f0200
0x00007f253dc3fc10:   00005b7400000013 00007f252c0f0200
0x00007f253dc3fc20:   00007f2524001090 00007f256c257a80
0x00007f253dc3fc30:   00007f2524001098 000000000000000b
0x00007f253dc3fc40:   00005b7400000013 00007f252c0f0200
0x00007f253dc3fc50:   00007f2524001090 00007f252c00c530
0x00007f253dc3fc60:   00007f253dc3fd30 00007f25000000ac
0x00007f253dc3fc70:   00007f253dc3fc78 271cfed000000080
0x00007f253dc3fc80:   00007f253dc3fcb0 0000000000000000 

Instructions: (pc=0x00007f2573c1b79e)
0x00007f2573c1b77e:   c3 90 31 c0 5d c3 66 90 66 2e 0f 1f 84 00 00 00
0x00007f2573c1b78e:   00 00 55 48 89 e5 53 48 83 ec 08 48 85 ff 74 0e
0x00007f2573c1b79e:   48 8b 1f 48 83 fb 37 74 05 48 85 db 75 14 31 db
0x00007f2573c1b7ae:   48 83 c4 08 48 89 d8 5b 5d c3 0f 1f 84 00 00 00 

Register to memory mapping:

RAX=0x0000000000000063 is an unknown value
RBX=0x00007f256c004c50 is an unknown value
RCX=0x00007f257454b340: <offset 0x219340> in /lib/x86_64-linux-gnu/libpthread.so.0 at 0x00007f2574332000
RDX=0x0000000000000001 is an unknown value
RSP=0x00007f253dc3fa90 is pointing into the stack for thread: 0x00007f256c257000
RBP=0x00007f253dc3faa0 is pointing into the stack for thread: 0x00007f256c257000
RSI=0x00007f256c257000 is a thread
RDI=0x003b79747265706f is an unknown value
R8 =0x00007f252c00c5a0 is an unknown value
R9 =0x0000000000000000 is an unknown value
R10=0x0000000000000033 is an unknown value
R11=0x0000000000000030 is an unknown value
R12=0x00007f253dc3fb8f is pointing into the stack for thread: 0x00007f256c257000
R13=0x003b79747265706f is an unknown value
R14=0x00007f256c257000 is a thread
R15=0x00007f253dc3fac0 is pointing into the stack for thread: 0x00007f256c257000


Stack: [0x00007f253db40000,0x00007f253dc41000],  sp=0x00007f253dc3fa90,  free space=1022k
Native frames: (J=compiled Java code, j=interpreted, Vv=VM code, C=native code)
V  [libjvm.so+0x87179e]  Method::checked_resolve_jmethod_id(_jmethodID*)+0xe
V  [libjvm.so+0x6e579d]  jvmti_IsMethodSynthetic+0x24d
C  [libjdwp.so+0x27769]
C  [libjdwp.so+0x78f0]
C  [libjdwp.so+0x11b28]
C  [libjdwp.so+0x243d5]
V  [libjvm.so+0x7595f0]  JvmtiAgentThread::start_function_wrapper(JavaThread*, Thread*)+0xc0
V  [libjvm.so+0xa3652a]  JavaThread::thread_main_inner()+0x25a
V  [libjvm.so+0x8dd8a2]  java_start(Thread*)+0xf2
C  [libpthread.so.0+0x76aa]  start_thread+0xca


---------------  P R O C E S S  ---------------

Java Threads: ( => current thread )
  0x00007f248c002000 JavaThread "pool-2-thread-5" [_thread_blocked, id=7104, stack(0x00007f250cd36000,0x00007f250ce37000)]
  0x00007f24b8002800 JavaThread "Keep-Alive-Timer" daemon [_thread_blocked, id=7101, stack(0x00007f24ebcfd000,0x00007f24ebdfe000)]
  0x00007f24d0003000 JavaThread "qtp559546980-76" [_thread_blocked, id=7100, stack(0x00007f250d039000,0x00007f250d13a000)]
  0x00007f24d001c800 JavaThread "qtp559546980-75" [_thread_blocked, id=7099, stack(0x00007f250ce37000,0x00007f250cf38000)]
  0x00007f24d0001800 JavaThread "qtp559546980-74" [_thread_blocked, id=7098, stack(0x00007f250d13a000,0x00007f250d23b000)]
  0x00007f24b40b5800 JavaThread "qtp559546980-69" [_thread_blocked, id=6972, stack(0x00007f250d23b000,0x00007f250d33c000)]
  0x00007f249425c800 JavaThread "Atmosphere-Scheduler-5" daemon [_thread_blocked, id=6805, stack(0x00007f24eb8f9000,0x00007f24eb9fa000)]
  0x00007f2494094000 JavaThread "Atmosphere-Scheduler-4" daemon [_thread_blocked, id=6804, stack(0x00007f24eb9fa000,0x00007f24ebafb000)]
  0x00007f2494261000 JavaThread "Atmosphere-Scheduler-3" daemon [_thread_blocked, id=6803, stack(0x00007f24ebafb000,0x00007f24ebbfc000)]
  0x00007f249408f800 JavaThread "Atmosphere-Scheduler-2" daemon [_thread_blocked, id=6802, stack(0x00007f24ebbfc000,0x00007f24ebcfd000)]
  0x00007f24b408c800 JavaThread "pool-2-thread-1" [_thread_in_Java, id=6799, stack(0x00007f24ebeff000,0x00007f24ec000000)]
  0x00007f24b4027800 JavaThread "Atmosphere-Scheduler-1" daemon [_thread_blocked, id=6798, stack(0x00007f250c02b000,0x00007f250c12c000)]
  0x00007f24b4026000 JavaThread "Atmosphere-Scheduler-0" daemon [_thread_blocked, id=6797, stack(0x00007f250c12c000,0x00007f250c22d000)]
  0x00007f24b4020800 JavaThread "Scheduler-922931437" [_thread_blocked, id=6796, stack(0x00007f250c42d000,0x00007f250c52e000)]
  0x00007f24d0020000 JavaThread "wro4j-ro.isdc.wro.model.resource.support.change.ResourceWatcher-1-thread-6" daemon [_thread_blocked, id=6792, stack(0x00007f250c62f000,0x00007f250c730000)]
  0x00007f24b400d000 JavaThread "wro4j-ro.isdc.wro.model.resource.support.change.ResourceWatcher-1-thread-5" daemon [_thread_blocked, id=6791, stack(0x00007f250c932000,0x00007f250ca33000)]
  0x00007f24c83b5000 JavaThread "wro4j-ro.isdc.wro.model.resource.support.change.ResourceWatcher-1-thread-4" daemon [_thread_blocked, id=6779, stack(0x00007f250c730000,0x00007f250c831000)]
  0x00007f24d001e000 JavaThread "wro4j-ro.isdc.wro.model.resource.support.change.ResourceWatcher-1-thread-3" daemon [_thread_blocked, id=6778, stack(0x00007f250c831000,0x00007f250c932000)]
  0x00007f24ec1a0800 JavaThread "wro4j-ro.isdc.wro.model.resource.support.change.ResourceWatcher-1-thread-2" daemon [_thread_blocked, id=6758, stack(0x00007f250ca33000,0x00007f250cb34000)]
  0x00007f24c406c000 JavaThread "wro4j-resourceWatcherScheduler-2-thread-1" daemon [_thread_blocked, id=6757, stack(0x00007f250cb34000,0x00007f250cc35000)]
  0x00007f24c405f000 JavaThread "wro4j-ro.isdc.wro.model.resource.support.change.ResourceWatcher-1-thread-1" daemon [_thread_blocked, id=6756, stack(0x00007f250cc35000,0x00007f250cd36000)]
  0x00007f24cc3c6000 JavaThread "Thread-14" daemon [_thread_in_native, id=5981, stack(0x00007f250e88a000,0x00007f250e98b000)]
  0x00007f24cc3bf800 JavaThread "Timer-0" [_thread_blocked, id=5980, stack(0x00007f250eb8b000,0x00007f250ec8c000)]
  0x00007f256d641800 JavaThread "Thread-12" [_thread_blocked, id=5973, stack(0x00007f250e13c000,0x00007f250e23d000)]
  0x00007f256d437800 JavaThread "Scheduler-834212917" [_thread_blocked, id=5969, stack(0x00007f250ec8c000,0x00007f250ed8d000)]
  0x00007f256d008000 JavaThread "qtp559546980-22-selector-ServerConnectorManager@7538d276/1" [_thread_in_native, id=5968, stack(0x00007f250f235000,0x00007f250f336000)]
  0x00007f256d006000 JavaThread "qtp559546980-21-acceptor-0-ServerConnector@174f0d06{HTTP/1.1}{0.0.0.0:8080}" [_thread_in_native, id=5967, stack(0x00007f250f336000,0x00007f250f437000)]
  0x00007f256d002000 JavaThread "qtp559546980-19-selector-ServerConnectorManager@7538d276/2" [_thread_in_native, id=5965, stack(0x00007f250f538000,0x00007f250f639000)]
  0x00007f256d000800 JavaThread "qtp559546980-18-selector-ServerConnectorManager@7538d276/3" [_thread_in_native, id=5964, stack(0x00007f250fafd000,0x00007f250fbfe000)]
  0x00007f256cffe800 JavaThread "qtp559546980-17-selector-ServerConnectorManager@7538d276/5" [_thread_in_native, id=5963, stack(0x00007f250fbfe000,0x00007f250fcff000)]
  0x00007f256cffb000 JavaThread "qtp559546980-16-selector-ServerConnectorManager@7538d276/4" [_thread_in_native, id=5962, stack(0x00007f250fcff000,0x00007f250fe00000)]
  0x00007f256cffa800 JavaThread "qtp559546980-15-selector-ServerConnectorManager@7538d276/0" [_thread_in_native, id=5961, stack(0x00007f253c04a000,0x00007f253c14b000)]
  0x00007f256c26f000 JavaThread "Service Thread" daemon [_thread_blocked, id=5958, stack(0x00007f253d53a000,0x00007f253d63b000)]
  0x00007f256c261800 JavaThread "C1 CompilerThread2" daemon [_thread_blocked, id=5957, stack(0x00007f253d63b000,0x00007f253d73c000)]
  0x00007f256c25f800 JavaThread "C2 CompilerThread1" daemon [_thread_blocked, id=5956, stack(0x00007f253d73c000,0x00007f253d83d000)]
  0x00007f256c25d800 JavaThread "C2 CompilerThread0" daemon [_thread_blocked, id=5955, stack(0x00007f253d83d000,0x00007f253d93e000)]
  0x00007f252c001000 JavaThread "JDWP Command Reader" daemon [_thread_in_native, id=5952, stack(0x00007f253d93e000,0x00007f253da3f000)]
  0x00007f256c25a800 JavaThread "JDWP Event Helper Thread" daemon [_thread_blocked, id=5951, stack(0x00007f253da3f000,0x00007f253db40000)]
=>0x00007f256c257000 JavaThread "JDWP Transport Listener: dt_socket" daemon [_thread_in_vm, id=5948, stack(0x00007f253db40000,0x00007f253dc41000)]
  0x00007f256c1b6800 JavaThread "Signal Dispatcher" daemon [_thread_blocked, id=5945, stack(0x00007f253e9ab000,0x00007f253eaac000)]
  0x00007f256c18d000 JavaThread "Finalizer" daemon [_thread_blocked, id=5944, stack(0x00007f253eaac000,0x00007f253ebad000)]
  0x00007f256c18b000 JavaThread "Reference Handler" daemon [_thread_blocked, id=5943, stack(0x00007f253ebad000,0x00007f253ecae000)]
  0x00007f256c00d000 JavaThread "main" [_thread_blocked, id=5934, stack(0x00007f257503b000,0x00007f257513c000)]

Other Threads:
  0x00007f256c186000 VMThread [stack: 0x00007f253ecae000,0x00007f253edaf000] [id=5942]
  0x00007f256c272000 WatcherThread [stack: 0x00007f253d439000,0x00007f253d53a000] [id=5959]

VM state:not at safepoint (normal execution)

VM Mutex/Monitor currently owned by a thread: None

Heap:
 PSYoungGen      total 626176K, used 266651K [0x00000000d7b80000, 0x00000000ffc80000, 0x0000000100000000)
  eden space 612864K, 43% used [0x00000000d7b80000,0x00000000e7f3ac00,0x00000000fd200000)
  from space 13312K, 5% used [0x00000000fd200000,0x00000000fd2ac030,0x00000000fdf00000)
  to   space 12288K, 0% used [0x00000000ff080000,0x00000000ff080000,0x00000000ffc80000)
 ParOldGen       total 325632K, used 179146K [0x0000000087200000, 0x000000009b000000, 0x00000000d7b80000)
  object space 325632K, 55% used [0x0000000087200000,0x00000000920f29b8,0x000000009b000000)
 Metaspace       used 50382K, capacity 51218K, committed 51544K, reserved 1095680K
  class space    used 5621K, capacity 5889K, committed 6016K, reserved 1048576K

Card table byte_map: [0x00007f2570637000,0x00007f25709ff000] byte_map_base: 0x00007f25701fe000

Marking Bits: (ParMarkBitMap*) 0x00007f2574316e80
 Begin Bits: [0x00007f2540390000, 0x00007f25421c8000)
 End Bits:   [0x00007f25421c8000, 0x00007f2544000000)

Polling page: 0x00007f2575168000

CodeCache: size=245760Kb used=36532Kb max_used=36573Kb free=209227Kb
 bounds [0x00007f255d000000, 0x00007f255f3f0000, 0x00007f256c000000]
 total_blobs=10237 nmethods=9762 adapters=396
 compilation: enabled

Compilation events (10 events):
Event: 1002.780 Thread 0x00007f256c25d800 nmethod 12579 0x00007f255e404b50 code [0x00007f255e404ce0, 0x00007f255e405568]
Event: 1002.787 Thread 0x00007f256c25d800 12581       4       org.eclipse.jetty.websocket.common.io.FrameFlusher$Flusher::succeedEntries (60 bytes)
Event: 1002.809 Thread 0x00007f256c25d800 nmethod 12581 0x00007f255f3c02d0 code [0x00007f255f3c0580, 0x00007f255f3c1760]
Event: 1002.813 Thread 0x00007f256c25d800 12582       4       org.atmosphere.cpr.AtmosphereResponse::getOutputStream (56 bytes)
Event: 1002.815 Thread 0x00007f256c25d800 nmethod 12582 0x00007f255e6ea650 code [0x00007f255e6ea7a0, 0x00007f255e6ea898]
Event: 1002.819 Thread 0x00007f256c25d800 12583       4       org.atmosphere.cpr.AtmosphereResponse::writeStatusAndHeaders (34 bytes)
Event: 1002.821 Thread 0x00007f256c25d800 nmethod 12583 0x00007f255e916f90 code [0x00007f255e9170e0, 0x00007f255e9171d8]
Event: 1003.085 Thread 0x00007f256c25d800 12584       4       org.eclipse.jetty.io.WriteFlusher::updateState (75 bytes)
Event: 1003.091 Thread 0x00007f256c25d800 nmethod 12584 0x00007f255e0aa250 code [0x00007f255e0aa3e0, 0x00007f255e0aa7d8]
Event: 1003.153 Thread 0x00007f256c25f800 nmethod 12580 0x00007f255f3d10d0 code [0x00007f255f3d1d80, 0x00007f255f3d8f80]

GC Heap History (10 events):
Event: 1002.861 GC heap before
{Heap before GC invocations=667 (full 12):
 PSYoungGen      total 636416K, used 616544K [0x00000000d7b80000, 0x00000000ffb80000, 0x0000000100000000)
  eden space 616448K, 100% used [0x00000000d7b80000,0x00000000fd580000,0x00000000fd580000)
  from space 19968K, 0% used [0x00000000fe800000,0x00000000fe818000,0x00000000ffb80000)
  to   space 18944K, 0% used [0x00000000fd580000,0x00000000fd580000,0x00000000fe800000)
 ParOldGen       total 325632K, used 179138K [0x0000000087200000, 0x000000009b000000, 0x00000000d7b80000)
  object space 325632K, 55% used [0x0000000087200000,0x00000000920f09b8,0x000000009b000000)
 Metaspace       used 50380K, capacity 51216K, committed 51416K, reserved 1095680K
  class space    used 5620K, capacity 5888K, committed 5888K, reserved 1048576K
Event: 1002.866 GC heap after
Heap after GC invocations=667 (full 12):
 PSYoungGen      total 591872K, used 598K [0x00000000d7b80000, 0x00000000fe880000, 0x0000000100000000)
  eden space 590848K, 0% used [0x00000000d7b80000,0x00000000d7b80000,0x00000000fbc80000)
  from space 1024K, 58% used [0x00000000fd580000,0x00000000fd615ac0,0x00000000fd680000)
  to   space 17408K, 0% used [0x00000000fd780000,0x00000000fd780000,0x00000000fe880000)
 ParOldGen       total 325632K, used 179146K [0x0000000087200000, 0x000000009b000000, 0x00000000d7b80000)
  object space 325632K, 55% used [0x0000000087200000,0x00000000920f29b8,0x000000009b000000)
 Metaspace       used 50380K, capacity 51216K, committed 51416K, reserved 1095680K
  class space    used 5620K, capacity 5888K, committed 5888K, reserved 1048576K
}
Event: 1003.943 GC heap before
{Heap before GC invocations=668 (full 12):
 PSYoungGen      total 591872K, used 591446K [0x00000000d7b80000, 0x00000000fe880000, 0x0000000100000000)
  eden space 590848K, 100% used [0x00000000d7b80000,0x00000000fbc80000,0x00000000fbc80000)
  from space 1024K, 58% used [0x00000000fd580000,0x00000000fd615ac0,0x00000000fd680000)
  to   space 17408K, 0% used [0x00000000fd780000,0x00000000fd780000,0x00000000fe880000)
 ParOldGen       total 325632K, used 179146K [0x0000000087200000, 0x000000009b000000, 0x00000000d7b80000)
  object space 325632K, 55% used [0x0000000087200000,0x00000000920f29b8,0x000000009b000000)
 Metaspace       used 50382K, capacity 51218K, committed 51544K, reserved 1095680K
  class space    used 5621K, capacity 5889K, committed 6016K, reserved 1048576K
Event: 1003.949 GC heap after
Heap after GC invocations=668 (full 12):
 PSYoungGen      total 567296K, used 672K [0x00000000d7b80000, 0x00000000fd880000, 0x0000000100000000)
  eden space 566272K, 0% used [0x00000000d7b80000,0x00000000d7b80000,0x00000000fa480000)
  from space 1024K, 65% used [0x00000000fd780000,0x00000000fd828040,0x00000000fd880000)
  to   space 15872K, 0% used [0x00000000fb980000,0x00000000fb980000,0x00000000fc900000)
 ParOldGen       total 325632K, used 179146K [0x0000000087200000, 0x000000009b000000, 0x00000000d7b80000)
  object space 325632K, 55% used [0x0000000087200000,0x00000000920f29b8,0x000000009b000000)
 Metaspace       used 50382K, capacity 51218K, committed 51544K, reserved 1095680K
  class space    used 5621K, capacity 5889K, committed 6016K, reserved 1048576K
}
Event: 1004.964 GC heap before
{Heap before GC invocations=669 (full 12):
 PSYoungGen      total 567296K, used 566944K [0x00000000d7b80000, 0x00000000fd880000, 0x0000000100000000)
  eden space 566272K, 100% used [0x00000000d7b80000,0x00000000fa480000,0x00000000fa480000)
  from space 1024K, 65% used [0x00000000fd780000,0x00000000fd828040,0x00000000fd880000)
  to   space 15872K, 0% used [0x00000000fb980000,0x00000000fb980000,0x00000000fc900000)
 ParOldGen       total 325632K, used 179146K [0x0000000087200000, 0x000000009b000000, 0x00000000d7b80000)
  object space 325632K, 55% used [0x0000000087200000,0x00000000920f29b8,0x000000009b000000)
 Metaspace       used 50382K, capacity 51218K, committed 51544K, reserved 1095680K
  class space    used 5621K, capacity 5889K, committed 6016K, reserved 1048576K
Event: 1004.969 GC heap after
Heap after GC invocations=669 (full 12):
 PSYoungGen      total 603648K, used 672K [0x00000000d7b80000, 0x00000000fed80000, 0x0000000100000000)
  eden space 587776K, 0% used [0x00000000d7b80000,0x00000000d7b80000,0x00000000fb980000)
  from space 15872K, 4% used [0x00000000fb980000,0x00000000fba28040,0x00000000fc900000)
  to   space 14848K, 0% used [0x00000000fdf00000,0x00000000fdf00000,0x00000000fed80000)
 ParOldGen       total 325632K, used 179146K [0x0000000087200000, 0x000000009b000000, 0x00000000d7b80000)
  object space 325632K, 55% used [0x0000000087200000,0x00000000920f29b8,0x000000009b000000)
 Metaspace       used 50382K, capacity 51218K, committed 51544K, reserved 1095680K
  class space    used 5621K, capacity 5889K, committed 6016K, reserved 1048576K
}
Event: 1005.928 GC heap before
{Heap before GC invocations=670 (full 12):
 PSYoungGen      total 603648K, used 588448K [0x00000000d7b80000, 0x00000000fed80000, 0x0000000100000000)
  eden space 587776K, 100% used [0x00000000d7b80000,0x00000000fb980000,0x00000000fb980000)
  from space 15872K, 4% used [0x00000000fb980000,0x00000000fba28040,0x00000000fc900000)
  to   space 14848K, 0% used [0x00000000fdf00000,0x00000000fdf00000,0x00000000fed80000)
 ParOldGen       total 325632K, used 179146K [0x0000000087200000, 0x000000009b000000, 0x00000000d7b80000)
  object space 325632K, 55% used [0x0000000087200000,0x00000000920f29b8,0x000000009b000000)
 Metaspace       used 50382K, capacity 51218K, committed 51544K, reserved 1095680K
  class space    used 5621K, capacity 5889K, committed 6016K, reserved 1048576K
Event: 1005.959 GC heap after
Heap after GC invocations=670 (full 12):
 PSYoungGen      total 627712K, used 720K [0x00000000d7b80000, 0x00000000ffc00000, 0x0000000100000000)
  eden space 612864K, 0% used [0x00000000d7b80000,0x00000000d7b80000,0x00000000fd200000)
  from space 14848K, 4% used [0x00000000fdf00000,0x00000000fdfb4030,0x00000000fed80000)
  to   space 13312K, 0% used [0x00000000fd200000,0x00000000fd200000,0x00000000fdf00000)
 ParOldGen       total 325632K, used 179146K [0x0000000087200000, 0x000000009b000000, 0x00000000d7b80000)
  object space 325632K, 55% used [0x0000000087200000,0x00000000920f29b8,0x000000009b000000)
 Metaspace       used 50382K, capacity 51218K, committed 51544K, reserved 1095680K
  class space    used 5621K, capacity 5889K, committed 6016K, reserved 1048576K
}
Event: 1007.053 GC heap before
{Heap before GC invocations=671 (full 12):
 PSYoungGen      total 627712K, used 613584K [0x00000000d7b80000, 0x00000000ffc00000, 0x0000000100000000)
  eden space 612864K, 100% used [0x00000000d7b80000,0x00000000fd200000,0x00000000fd200000)
  from space 14848K, 4% used [0x00000000fdf00000,0x00000000fdfb4030,0x00000000fed80000)
  to   space 13312K, 0% used [0x00000000fd200000,0x00000000fd200000,0x00000000fdf00000)
 ParOldGen       total 325632K, used 179146K [0x0000000087200000, 0x000000009b000000, 0x00000000d7b80000)
  object space 325632K, 55% used [0x0000000087200000,0x00000000920f29b8,0x000000009b000000)
 Metaspace       used 50382K, capacity 51218K, committed 51544K, reserved 1095680K
  class space    used 5621K, capacity 5889K, committed 6016K, reserved 1048576K
Event: 1007.059 GC heap after
Heap after GC invocations=671 (full 12):
 PSYoungGen      total 626176K, used 688K [0x00000000d7b80000, 0x00000000ffc80000, 0x0000000100000000)
  eden space 612864K, 0% used [0x00000000d7b80000,0x00000000d7b80000,0x00000000fd200000)
  from space 13312K, 5% used [0x00000000fd200000,0x00000000fd2ac030,0x00000000fdf00000)
  to   space 12288K, 0% used [0x00000000ff080000,0x00000000ff080000,0x00000000ffc80000)
 ParOldGen       total 325632K, used 179146K [0x0000000087200000, 0x000000009b000000, 0x00000000d7b80000)
  object space 325632K, 55% used [0x0000000087200000,0x00000000920f29b8,0x000000009b000000)
 Metaspace       used 50382K, capacity 51218K, committed 51544K, reserved 1095680K
  class space    used 5621K, capacity 5889K, committed 6016K, reserved 1048576K
}

Deoptimization events (10 events):
Event: 973.656 Thread 0x00007f24cc3bf800 Uncommon trap: reason=unhandled action=none pc=0x00007f255e4a504c method=com.dragome.compiler.utils.FileManager.getFileForInput(Ljava/lang/String;)Lcom/dragome/compiler/utils/FileObject; @ 133
Event: 973.656 Thread 0x00007f24cc3bf800 Uncommon trap: reason=unhandled action=none pc=0x00007f255e4a504c method=com.dragome.compiler.utils.FileManager.getFileForInput(Ljava/lang/String;)Lcom/dragome/compiler/utils/FileObject; @ 133
Event: 973.656 Thread 0x00007f24cc3bf800 Uncommon trap: reason=unhandled action=none pc=0x00007f255e4a504c method=com.dragome.compiler.utils.FileManager.getFileForInput(Ljava/lang/String;)Lcom/dragome/compiler/utils/FileObject; @ 133
Event: 973.657 Thread 0x00007f24cc3bf800 Uncommon trap: reason=unhandled action=none pc=0x00007f255e4a504c method=com.dragome.compiler.utils.FileManager.getFileForInput(Ljava/lang/String;)Lcom/dragome/compiler/utils/FileObject; @ 133
Event: 973.657 Thread 0x00007f24cc3bf800 Uncommon trap: reason=unhandled action=none pc=0x00007f255e4a504c method=com.dragome.compiler.utils.FileManager.getFileForInput(Ljava/lang/String;)Lcom/dragome/compiler/utils/FileObject; @ 133
Event: 973.657 Thread 0x00007f24cc3bf800 Uncommon trap: reason=unhandled action=none pc=0x00007f255e4a504c method=com.dragome.compiler.utils.FileManager.getFileForInput(Ljava/lang/String;)Lcom/dragome/compiler/utils/FileObject; @ 133
Event: 1000.927 Thread 0x00007f256d008000 Uncommon trap: reason=unstable_if action=reinterpret pc=0x00007f255e1ba9b8 method=sun.nio.ch.SelectionKeyImpl.ensureValid()V @ 4
Event: 1002.191 Thread 0x00007f248c002000 Uncommon trap: reason=range_check action=none pc=0x00007f255d33fc64 method=sun.reflect.generics.parser.SignatureParser.current()C @ 34
Event: 1002.192 Thread 0x00007f248c002000 Uncommon trap: reason=range_check action=none pc=0x00007f255d33fc64 method=sun.reflect.generics.parser.SignatureParser.current()C @ 34
Event: 1003.405 Thread 0x00007f24b40b7800 Uncommon trap: reason=unstable_if action=reinterpret pc=0x00007f255d883bfc method=java.util.Arrays.equals([B[B)Z @ 2

Internal exceptions (10 events):
Event: 748.013 Thread 0x00007f24cc3bf800 Exception <a 'java/lang/NoClassDefFoundError': org/apache/commons/vfs2/VFS> (0x00000000ee736c38) thrown at [/build/buildd/openjdk-8-8u45-b14/src/hotspot/src/share/vm/oops/constantPool.cpp, line 235]
Event: 842.803 Thread 0x00007f24cc3bf800 Exception <a 'java/lang/NoClassDefFoundError': org/apache/commons/vfs2/VFS> (0x00000000e7c1cb20) thrown at [/build/buildd/openjdk-8-8u45-b14/src/hotspot/src/share/vm/oops/constantPool.cpp, line 235]
Event: 855.518 Thread 0x00007f24cc3bf800 Exception <a 'java/lang/NoClassDefFoundError': org/apache/commons/vfs2/VFS> (0x00000000e710e240) thrown at [/build/buildd/openjdk-8-8u45-b14/src/hotspot/src/share/vm/oops/constantPool.cpp, line 235]
Event: 864.389 Thread 0x00007f24cc3bf800 Exception <a 'java/lang/NoClassDefFoundError': org/apache/commons/vfs2/VFS> (0x00000000ec5cb698) thrown at [/build/buildd/openjdk-8-8u45-b14/src/hotspot/src/share/vm/oops/constantPool.cpp, line 235]
Event: 906.116 Thread 0x00007f24cc3bf800 Exception <a 'java/lang/NoClassDefFoundError': org/apache/commons/vfs2/VFS> (0x00000000dbd15be0) thrown at [/build/buildd/openjdk-8-8u45-b14/src/hotspot/src/share/vm/oops/constantPool.cpp, line 235]
Event: 911.892 Thread 0x00007f24cc3bf800 Exception <a 'java/lang/NoClassDefFoundError': org/apache/commons/vfs2/VFS> (0x00000000f2571d48) thrown at [/build/buildd/openjdk-8-8u45-b14/src/hotspot/src/share/vm/oops/constantPool.cpp, line 235]
Event: 965.600 Thread 0x00007f24cc3bf800 Exception <a 'java/lang/NoClassDefFoundError': org/apache/commons/vfs2/VFS> (0x00000000fa459128) thrown at [/build/buildd/openjdk-8-8u45-b14/src/hotspot/src/share/vm/oops/constantPool.cpp, line 235]
Event: 970.925 Thread 0x00007f24cc3bf800 Exception <a 'java/lang/NoClassDefFoundError': org/apache/commons/vfs2/VFS> (0x00000000ee36d3c8) thrown at [/build/buildd/openjdk-8-8u45-b14/src/hotspot/src/share/vm/oops/constantPool.cpp, line 235]
Event: 1002.191 Thread 0x00007f248c002000 Exception <a 'java/lang/ArrayIndexOutOfBoundsException': 22> (0x00000000f8536948) thrown at [/build/buildd/openjdk-8-8u45-b14/src/hotspot/src/share/vm/interpreter/interpreterRuntime.cpp, line 366]
Event: 1002.192 Thread 0x00007f248c002000 Exception <a 'java/lang/ArrayIndexOutOfBoundsException': 23> (0x00000000f85375c8) thrown at [/build/buildd/openjdk-8-8u45-b14/src/hotspot/src/share/vm/interpreter/interpreterRuntime.cpp, line 366]

Events (10 events):
Event: 1003.461 Executing VM operation: RevokeBias done
Event: 1003.461 Thread 0x00007f24b40b7800 Thread exited: 0x00007f24b40b7800
Event: 1003.943 Executing VM operation: ParallelGCFailedAllocation
Event: 1003.949 Executing VM operation: ParallelGCFailedAllocation done
Event: 1004.963 Executing VM operation: ParallelGCFailedAllocation
Event: 1004.969 Executing VM operation: ParallelGCFailedAllocation done
Event: 1005.928 Executing VM operation: ParallelGCFailedAllocation
Event: 1005.959 Executing VM operation: ParallelGCFailedAllocation done
Event: 1007.053 Executing VM operation: ParallelGCFailedAllocation
Event: 1007.059 Executing VM operation: ParallelGCFailedAllocation done


Dynamic libraries:
00400000-00401000 r-xp 00000000 08:07 800801                             /usr/lib/jvm/java-8-openjdk-amd64/jre/bin/java
00600000-00601000 r--p 00000000 08:07 800801                             /usr/lib/jvm/java-8-openjdk-amd64/jre/bin/java
00601000-00602000 rw-p 00001000 08:07 800801                             /usr/lib/jvm/java-8-openjdk-amd64/jre/bin/java
00da7000-00dc8000 rw-p 00000000 00:00 0                                  [heap]
87200000-9b000000 rw-p 00000000 00:00 0 
9b000000-d7b80000 ---p 00000000 00:00 0 
d7b80000-ffc80000 rw-p 00000000 00:00 0 
ffc80000-100000000 ---p 00000000 00:00 0 
100000000-1005e0000 rw-p 00000000 00:00 0 
1005e0000-140000000 ---p 00000000 00:00 0 
7f248c000000-7f248c021000 rw-p 00000000 00:00 0 
7f248c021000-7f2490000000 ---p 00000000 00:00 0 
7f2494000000-7f249436e000 rw-p 00000000 00:00 0 
7f249436e000-7f2498000000 ---p 00000000 00:00 0 
7f2498000000-7f2498373000 rw-p 00000000 00:00 0 
7f2498373000-7f249c000000 ---p 00000000 00:00 0 
7f249c000000-7f249c021000 rw-p 00000000 00:00 0 
7f249c021000-7f24a0000000 ---p 00000000 00:00 0 
7f24a0000000-7f24a0021000 rw-p 00000000 00:00 0 
7f24a0021000-7f24a4000000 ---p 00000000 00:00 0 
7f24a4000000-7f24a4021000 rw-p 00000000 00:00 0 
7f24a4021000-7f24a8000000 ---p 00000000 00:00 0 
7f24a8000000-7f24a8021000 rw-p 00000000 00:00 0 
7f24a8021000-7f24ac000000 ---p 00000000 00:00 0 
7f24ac000000-7f24ac021000 rw-p 00000000 00:00 0 
7f24ac021000-7f24b0000000 ---p 00000000 00:00 0 
7f24b0000000-7f24b0021000 rw-p 00000000 00:00 0 
7f24b0021000-7f24b4000000 ---p 00000000 00:00 0 
7f24b4000000-7f24b4486000 rw-p 00000000 00:00 0 
7f24b4486000-7f24b8000000 ---p 00000000 00:00 0 
7f24b8000000-7f24b8021000 rw-p 00000000 00:00 0 
7f24b8021000-7f24bc000000 ---p 00000000 00:00 0 
7f24bc000000-7f24bc048000 rw-p 00000000 00:00 0 
7f24bc048000-7f24c0000000 ---p 00000000 00:00 0 
7f24c0000000-7f24c03e3000 rw-p 00000000 00:00 0 
7f24c03e3000-7f24c4000000 ---p 00000000 00:00 0 
7f24c4000000-7f24c4464000 rw-p 00000000 00:00 0 
7f24c4464000-7f24c8000000 ---p 00000000 00:00 0 
7f24c8000000-7f24c83c1000 rw-p 00000000 00:00 0 
7f24c83c1000-7f24cc000000 ---p 00000000 00:00 0 
7f24cc000000-7f24cc41f000 rw-p 00000000 00:00 0 
7f24cc41f000-7f24d0000000 ---p 00000000 00:00 0 
7f24d0000000-7f24d079c000 rw-p 00000000 00:00 0 
7f24d079c000-7f24d4000000 ---p 00000000 00:00 0 
7f24d4000000-7f24d4033000 rw-p 00000000 00:00 0 
7f24d4033000-7f24d8000000 ---p 00000000 00:00 0 
7f24d8000000-7f24dc000000 rw-p 00000000 00:00 0 
7f24dc000000-7f24dc021000 rw-p 00000000 00:00 0 
7f24dc021000-7f24e0000000 ---p 00000000 00:00 0 
7f24e0000000-7f24e3c1f000 rw-p 00000000 00:00 0 
7f24e3c1f000-7f24e4000000 ---p 00000000 00:00 0 
7f24e4000000-7f24e6a4a000 rw-p 00000000 00:00 0 
7f24e6a4a000-7f24e8000000 ---p 00000000 00:00 0 
7f24eb6f9000-7f24eb779000 rw-p 00000000 00:00 0 
7f24eb779000-7f24eb8f9000 ---p 00000000 00:00 0 
7f24eb8f9000-7f24eb8fc000 ---p 00000000 00:00 0 
7f24eb8fc000-7f24eb9fa000 rw-p 00000000 00:00 0                          [stack:6805]
7f24eb9fa000-7f24eb9fd000 ---p 00000000 00:00 0 
7f24eb9fd000-7f24ebafb000 rw-p 00000000 00:00 0                          [stack:6804]
7f24ebafb000-7f24ebafe000 ---p 00000000 00:00 0 
7f24ebafe000-7f24ebbfc000 rw-p 00000000 00:00 0                          [stack:6803]
7f24ebbfc000-7f24ebbff000 ---p 00000000 00:00 0 
7f24ebbff000-7f24ebcfd000 rw-p 00000000 00:00 0                          [stack:6802]
7f24ebcfd000-7f24ebd00000 ---p 00000000 00:00 0 
7f24ebd00000-7f24ebdfe000 rw-p 00000000 00:00 0                          [stack:7101]
7f24ebdfe000-7f24ebe01000 ---p 00000000 00:00 0 
7f24ebe01000-7f24ebeff000 rw-p 00000000 00:00 0 
7f24ebeff000-7f24ebf02000 ---p 00000000 00:00 0 
7f24ebf02000-7f24ec000000 rw-p 00000000 00:00 0                          [stack:6799]
7f24ec000000-7f24efffa000 rw-p 00000000 00:00 0 
7f24efffa000-7f24f0000000 ---p 00000000 00:00 0 
7f24f0000000-7f24f35e0000 rw-p 00000000 00:00 0 
7f24f35e0000-7f24f4000000 ---p 00000000 00:00 0 
7f24f4000000-7f24f6ab6000 rw-p 00000000 00:00 0 
7f24f6ab6000-7f24f8000000 ---p 00000000 00:00 0 
7f24f8000000-7f24fac64000 rw-p 00000000 00:00 0 
7f24fac64000-7f24fc000000 ---p 00000000 00:00 0 
7f24fc000000-7f24fd072000 rw-p 00000000 00:00 0 
7f24fd072000-7f2500000000 ---p 00000000 00:00 0 
7f2500000000-7f250276d000 rw-p 00000000 00:00 0 
7f250276d000-7f2504000000 ---p 00000000 00:00 0 
7f2504000000-7f250626c000 rw-p 00000000 00:00 0 
7f250626c000-7f2508000000 ---p 00000000 00:00 0 
7f2508000000-7f2508021000 rw-p 00000000 00:00 0 
7f2508021000-7f250c000000 ---p 00000000 00:00 0 
7f250c02b000-7f250c02e000 ---p 00000000 00:00 0 
7f250c02e000-7f250c12c000 rw-p 00000000 00:00 0                          [stack:6798]
7f250c12c000-7f250c12f000 ---p 00000000 00:00 0 
7f250c12f000-7f250c42d000 rw-p 00000000 00:00 0                          [stack:6797]
7f250c42d000-7f250c430000 ---p 00000000 00:00 0 
7f250c430000-7f250c52e000 rw-p 00000000 00:00 0                          [stack:6796]
7f250c52e000-7f250c531000 ---p 00000000 00:00 0 
7f250c531000-7f250c62f000 rw-p 00000000 00:00 0 
7f250c62f000-7f250c632000 ---p 00000000 00:00 0 
7f250c632000-7f250c730000 rw-p 00000000 00:00 0                          [stack:6792]
7f250c730000-7f250c733000 ---p 00000000 00:00 0 
7f250c733000-7f250c831000 rw-p 00000000 00:00 0                          [stack:6779]
7f250c831000-7f250c834000 ---p 00000000 00:00 0 
7f250c834000-7f250c932000 rw-p 00000000 00:00 0                          [stack:6778]
7f250c932000-7f250c935000 ---p 00000000 00:00 0 
7f250c935000-7f250ca33000 rw-p 00000000 00:00 0                          [stack:6791]
7f250ca33000-7f250ca36000 ---p 00000000 00:00 0 
7f250ca36000-7f250cb34000 rw-p 00000000 00:00 0                          [stack:6758]
7f250cb34000-7f250cb37000 ---p 00000000 00:00 0 
7f250cb37000-7f250cc35000 rw-p 00000000 00:00 0                          [stack:6757]
7f250cc35000-7f250cc38000 ---p 00000000 00:00 0 
7f250cc38000-7f250cd36000 rw-p 00000000 00:00 0                          [stack:6756]
7f250cd36000-7f250cd39000 ---p 00000000 00:00 0 
7f250cd39000-7f250ce37000 rw-p 00000000 00:00 0                          [stack:7104]
7f250ce37000-7f250ce3a000 ---p 00000000 00:00 0 
7f250ce3a000-7f250cf38000 rw-p 00000000 00:00 0                          [stack:7099]
7f250cf38000-7f250cf3b000 ---p 00000000 00:00 0 
7f250cf3b000-7f250d039000 rw-p 00000000 00:00 0 
7f250d039000-7f250d03c000 ---p 00000000 00:00 0 
7f250d03c000-7f250d13a000 rw-p 00000000 00:00 0                          [stack:7100]
7f250d13a000-7f250d13d000 ---p 00000000 00:00 0 
7f250d13d000-7f250d23b000 rw-p 00000000 00:00 0                          [stack:7098]
7f250d23b000-7f250d23e000 ---p 00000000 00:00 0 
7f250d23e000-7f250d53c000 rw-p 00000000 00:00 0                          [stack:6972]
7f250d53c000-7f250d732000 rw-p 00000000 00:00 0 
7f250d732000-7f250d73c000 ---p 00000000 00:00 0 
7f250d73c000-7f250d93c000 rw-p 00000000 00:00 0 
7f250d93c000-7f250db3c000 rw-p 00000000 00:00 0 
7f250db3c000-7f250dd3c000 rw-p 00000000 00:00 0 
7f250dd3c000-7f250df3c000 rw-p 00000000 00:00 0 
7f250df3c000-7f250e13c000 rw-p 00000000 00:00 0 
7f250e13c000-7f250e13f000 ---p 00000000 00:00 0 
7f250e13f000-7f250e23d000 rw-p 00000000 00:00 0                          [stack:5973]
7f250e23d000-7f250e254000 r-xp 00000000 08:07 2494927                    /lib/x86_64-linux-gnu/libresolv-2.21.so
7f250e254000-7f250e454000 ---p 00017000 08:07 2494927                    /lib/x86_64-linux-gnu/libresolv-2.21.so
7f250e454000-7f250e456000 r--p 00017000 08:07 2494927                    /lib/x86_64-linux-gnu/libresolv-2.21.so
7f250e456000-7f250e457000 rw-p 00019000 08:07 2494927                    /lib/x86_64-linux-gnu/libresolv-2.21.so
7f250e457000-7f250e459000 rw-p 00000000 00:00 0 
7f250e459000-7f250e45e000 r-xp 00000000 08:07 2494872                    /lib/x86_64-linux-gnu/libnss_dns-2.21.so
7f250e45e000-7f250e65d000 ---p 00005000 08:07 2494872                    /lib/x86_64-linux-gnu/libnss_dns-2.21.so
7f250e65d000-7f250e65e000 r--p 00004000 08:07 2494872                    /lib/x86_64-linux-gnu/libnss_dns-2.21.so
7f250e65e000-7f250e65f000 rw-p 00005000 08:07 2494872                    /lib/x86_64-linux-gnu/libnss_dns-2.21.so
7f250e65f000-7f250e661000 r-xp 00000000 08:07 2494880                    /lib/x86_64-linux-gnu/libnss_mdns4_minimal.so.2
7f250e661000-7f250e860000 ---p 00002000 08:07 2494880                    /lib/x86_64-linux-gnu/libnss_mdns4_minimal.so.2
7f250e860000-7f250e861000 r--p 00001000 08:07 2494880                    /lib/x86_64-linux-gnu/libnss_mdns4_minimal.so.2
7f250e861000-7f250e862000 rw-p 00002000 08:07 2494880                    /lib/x86_64-linux-gnu/libnss_mdns4_minimal.so.2
7f250e86c000-7f250e86f000 rw-p 00000000 00:00 0 
7f250e86f000-7f250e874000 r--s 002f8000 08:07 800758                     /usr/lib/jvm/java-8-openjdk-amd64/jre/lib/charsets.jar
7f250e874000-7f250e887000 r--s 00345000 08:07 800757                     /usr/lib/jvm/java-8-openjdk-amd64/jre/lib/resources.jar
7f250e887000-7f250e88a000 r--s 00015000 08:07 800787                     /usr/lib/jvm/java-8-openjdk-amd64/jre/lib/jce.jar
7f250e88a000-7f250e88d000 ---p 00000000 00:00 0 
7f250e88d000-7f250eb8b000 rw-p 00000000 00:00 0                          [stack:5981]
7f250eb8b000-7f250eb8e000 ---p 00000000 00:00 0 
7f250eb8e000-7f250ec8c000 rw-p 00000000 00:00 0                          [stack:5980]
7f250ec8c000-7f250ec8f000 ---p 00000000 00:00 0 
7f250ec8f000-7f250ef8d000 rw-p 00000000 00:00 0                          [stack:5969]
7f250ef8d000-7f250ef90000 r--s 00010000 08:07 664390                     /home/fernando/.m2/repository/com/dragome/dragome-guia-web/0.96-beta2/dragome-guia-web-0.96-beta2.jar
7f250ef90000-7f250ef94000 r--s 0002e000 08:07 526439                     /home/fernando/.m2/repository/com/miglayout/miglayout/3.7.3.1/miglayout-3.7.3.1.jar
7f250ef94000-7f250ef9b000 r--s 00020000 08:07 664370                     /home/fernando/.m2/repository/com/dragome/dragome-guia/0.96-beta2/dragome-guia-0.96-beta2.jar
7f250ef9b000-7f250ef9e000 r--s 00006000 08:07 526430                     /home/fernando/.m2/repository/com/google/code/findbugs/jsr305/1.3.9/jsr305-1.3.9.jar
7f250ef9e000-7f250efbf000 r--s 00172000 08:07 526427                     /home/fernando/.m2/repository/com/google/guava/guava/11.0.2/guava-11.0.2.jar
7f250efbf000-7f250efc2000 r--s 0001b000 08:07 526424                     /home/fernando/.m2/repository/org/reflections/reflections/0.9.9-RC1/reflections-0.9.9-RC1.jar
7f250efc2000-7f250efcf000 r--s 000a2000 08:07 526421                     /home/fernando/.m2/repository/org/atmosphere/atmosphere-runtime/2.1.3/atmosphere-runtime-2.1.3.jar
7f250efcf000-7f250efd1000 r--s 00005000 08:07 526415                     /home/fernando/.m2/repository/org/slf4j/slf4j-api/1.7.5/slf4j-api-1.7.5.jar
7f250efd1000-7f250efd7000 r--s 00048000 08:07 526412                     /home/fernando/.m2/repository/org/apache/commons/commons-lang3/3.1/commons-lang3-3.1.jar
7f250efd7000-7f250efe3000 r--s 00066000 08:07 526409                     /home/fernando/.m2/repository/ro/isdc/wro4j/wro4j-core/1.7.5/wro4j-core-1.7.5.jar
7f250efe3000-7f250efe8000 r--s 00098000 08:07 664368                     /home/fernando/.m2/repository/com/dragome/dragome-web/0.96-beta2/dragome-web-0.96-beta2.jar
7f250efe8000-7f250efee000 r--s 00040000 08:07 526332                     /home/fernando/.m2/repository/org/sonatype/sisu/inject/cglib/3.1.1/cglib-3.1.1.jar
7f250efee000-7f250eff0000 r--s 00001000 08:07 664363                     /home/fernando/.m2/repository/com/dragome/dragome-method-logger/0.96-beta2/dragome-method-logger-0.96-beta2.jar
7f250eff0000-7f250eff3000 r--s 0001a000 08:07 664366                     /home/fernando/.m2/repository/com/dragome/dragome-core/0.96-beta2/dragome-core-0.96-beta2.jar
7f250eff3000-7f250f005000 r--s 00069000 08:07 664359                     /home/fernando/.m2/repository/com/dragome/dragome-form-bindings/0.96-beta2/dragome-form-bindings-0.96-beta2.jar
7f250f005000-7f250f006000 r--s 00002000 08:07 526331                     /home/fernando/.m2/repository/org/apache/ant/ant-launcher/1.7.1/ant-launcher-1.7.1.jar
7f250f006000-7f250f01a000 r--s 0012f000 08:07 526330                     /home/fernando/.m2/repository/org/apache/ant/ant/1.7.1/ant-1.7.1.jar
7f250f01a000-7f250f01b000 r--s 00004000 08:07 526400                     /home/fernando/.m2/repository/org/apache/commons/commons-jci-fam/1.0/commons-jci-fam-1.0.jar
7f250f01b000-7f250f01d000 r--s 00006000 08:07 526397                     /home/fernando/.m2/repository/org/apache/commons/commons-jci-core/1.0/commons-jci-core-1.0.jar
7f250f01d000-7f250f01f000 r--s 0000d000 08:07 526329                     /home/fernando/.m2/repository/commons-logging/commons-logging/1.1.1/commons-logging-1.1.1.jar
7f250f01f000-7f250f022000 r--s 0000d000 08:07 664356                     /home/fernando/.m2/repository/com/dragome/dragome-callback-evictor/0.96-beta2/dragome-callback-evictor-0.96-beta2.jar
7f250f022000-7f250f02e000 r--s 00063000 08:07 664342                     /home/fernando/.m2/repository/com/dragome/dragome-js-jre/0.96-beta2/dragome-js-jre-0.96-beta2.jar
7f250f02e000-7f250f035000 r--s 0003a000 08:07 526385                     /home/fernando/.m2/repository/commons-codec/commons-codec/1.9/commons-codec-1.9.jar
7f250f035000-7f250f235000 rw-p 00000000 00:00 0 
7f250f235000-7f250f238000 ---p 00000000 00:00 0 
7f250f238000-7f250f336000 rw-p 00000000 00:00 0                          [stack:5968]
7f250f336000-7f250f339000 ---p 00000000 00:00 0 
7f250f339000-7f250f437000 rw-p 00000000 00:00 0                          [stack:5967]
7f250f437000-7f250f43a000 ---p 00000000 00:00 0 
7f250f43a000-7f250f538000 rw-p 00000000 00:00 0 
7f250f538000-7f250f53b000 ---p 00000000 00:00 0 
7f250f53b000-7f250f639000 rw-p 00000000 00:00 0                          [stack:5965]
7f250f639000-7f250f642000 r-xp 00000000 08:07 800715                     /usr/lib/jvm/java-8-openjdk-amd64/jre/lib/amd64/libmanagement.so
7f250f642000-7f250f841000 ---p 00009000 08:07 800715                     /usr/lib/jvm/java-8-openjdk-amd64/jre/lib/amd64/libmanagement.so
7f250f841000-7f250f842000 r--p 00008000 08:07 800715                     /usr/lib/jvm/java-8-openjdk-amd64/jre/lib/amd64/libmanagement.so
7f250f842000-7f250f843000 rw-p 00009000 08:07 800715                     /usr/lib/jvm/java-8-openjdk-amd64/jre/lib/amd64/libmanagement.so
7f250f843000-7f250fa43000 rw-p 00000000 00:00 0 
7f250fa43000-7f250fa45000 r--s 00006000 08:07 664274                     /home/fernando/.m2/repository/com/dragome/dragome-js-commons/0.96-beta2/dragome-js-commons-0.96-beta2.jar
7f250fa45000-7f250fa4f000 r--s 0008b000 08:07 527855                     /home/fernando/.m2/repository/org/apache/bcel/bcel/6.0-SNAPSHOT/bcel-6.0-SNAPSHOT.jar
7f250fa4f000-7f250fa67000 r--s 0046f000 08:07 527856                     /home/fernando/.m2/repository/net/sf/saxon/saxon/9/saxon-9.jar
7f250fa67000-7f250fa6a000 r--s 00023000 08:07 526382                     /home/fernando/.m2/repository/org/jdom/jdom/1.1/jdom-1.1.jar
7f250fa6a000-7f250fa6e000 r--s 0002a000 08:07 526379                     /home/fernando/.m2/repository/commons-io/commons-io/2.4/commons-io-2.4.jar
7f250fa6e000-7f250fa73000 r--s 00036000 08:07 526376                     /home/fernando/.m2/repository/org/ow2/asm/asm-all/5.0.2/asm-all-5.0.2.jar
7f250fa73000-7f250fa7d000 r--s 00068000 08:07 526373                     /home/fernando/.m2/repository/javolution/javolution/5.4.5/javolution-5.4.5.jar
7f250fa7d000-7f250fa7f000 r--s 00038000 08:07 1056642                    /home/fernando/.m2/repository/net/jpountz/lz4/lz4/1.3.0/lz4-1.3.0.jar
7f250fa7f000-7f250fa86000 r--s 00060000 08:07 1580928                    /home/fernando/.m2/repository/io/netty/netty-common/4.0.28.Final/netty-common-4.0.28.Final.jar
7f250fa86000-7f250fa8d000 r--s 0004d000 08:07 1580922                    /home/fernando/.m2/repository/io/netty/netty-transport/4.0.28.Final/netty-transport-4.0.28.Final.jar
7f250fa8d000-7f250faa0000 r--s 0012e000 08:07 664354                     /home/fernando/.m2/repository/com/dragome/dragome-bytecode-js-compiler/0.96-beta2/dragome-bytecode-js-compiler-0.96-beta2.jar
7f250faa0000-7f250fafd000 r--s 004a0000 08:07 526263                     /home/fernando/.m2/repository/org/hibernate/hibernate-core/4.3.5.Final/hibernate-core-4.3.5.Final.jar
7f250fafd000-7f250fb00000 ---p 00000000 00:00 0 
7f250fb00000-7f250fbfe000 rw-p 00000000 00:00 0                          [stack:5964]
7f250fbfe000-7f250fc01000 ---p 00000000 00:00 0 
7f250fc01000-7f250fcff000 rw-p 00000000 00:00 0                          [stack:5963]
7f250fcff000-7f250fd02000 ---p 00000000 00:00 0 
7f250fd02000-7f2510000000 rw-p 00000000 00:00 0                          [stack:5962]
7f2510000000-7f25114da000 rw-p 00000000 00:00 0 
7f25114da000-7f2514000000 ---p 00000000 00:00 0 
7f2514000000-7f2514021000 rw-p 00000000 00:00 0 
7f2514021000-7f2518000000 ---p 00000000 00:00 0 
7f2518000000-7f251a18a000 rw-p 00000000 00:00 0 
7f251a18a000-7f251c000000 ---p 00000000 00:00 0 
7f251c000000-7f251e2e0000 rw-p 00000000 00:00 0 
7f251e2e0000-7f2520000000 ---p 00000000 00:00 0 
7f2520000000-7f2520021000 rw-p 00000000 00:00 0 
7f2520021000-7f2524000000 ---p 00000000 00:00 0 
7f2524000000-7f2524021000 rw-p 00000000 00:00 0 
7f2524021000-7f2528000000 ---p 00000000 00:00 0 
7f2528000000-7f2528021000 rw-p 00000000 00:00 0 
7f2528021000-7f252c000000 ---p 00000000 00:00 0 
7f252c000000-7f252c294000 rw-p 00000000 00:00 0 
7f252c294000-7f2530000000 ---p 00000000 00:00 0 
7f2530000000-7f2530021000 rw-p 00000000 00:00 0 
7f2530021000-7f2534000000 ---p 00000000 00:00 0 
7f2534000000-7f2534021000 rw-p 00000000 00:00 0 
7f2534021000-7f2538000000 ---p 00000000 00:00 0 
7f2538000000-7f2538221000 rw-p 00000000 00:00 0 
7f2538221000-7f253c000000 ---p 00000000 00:00 0 
7f253c000000-7f253c001000 r--s 00007000 08:07 527857                     /home/fernando/.m2/repository/net/sf/saxon/saxon-jdom/9/saxon-jdom-9.jar
7f253c001000-7f253c004000 r--s 00027000 08:07 1580925                    /home/fernando/.m2/repository/io/netty/netty-buffer/4.0.28.Final/netty-buffer-4.0.28.Final.jar
7f253c004000-7f253c008000 r--s 00020000 08:07 1580919                    /home/fernando/.m2/repository/io/netty/netty-codec/4.0.28.Final/netty-codec-4.0.28.Final.jar
7f253c008000-7f253c015000 r--s 00148000 08:07 526367                     /home/fernando/.m2/repository/org/hsqldb/hsqldb/2.2.8/hsqldb-2.2.8.jar
7f253c015000-7f253c01f000 r--s 000a5000 08:07 526326                     /home/fernando/.m2/repository/org/javassist/javassist/3.18.1-GA/javassist-3.18.1-GA.jar
7f253c01f000-7f253c020000 r--s 00006000 08:07 526323                     /home/fernando/.m2/repository/org/jboss/spec/javax/transaction/jboss-transaction-api_1.2_spec/1.0.0.Final/jboss-transaction-api_1.2_spec-1.0.0.Final.jar
7f253c020000-7f253c025000 r--s 00017000 08:07 526320                     /home/fernando/.m2/repository/org/hibernate/javax/persistence/hibernate-jpa-2.1-api/1.0.0.Final/hibernate-jpa-2.1-api-1.0.0.Final.jar
7f253c025000-7f253c028000 r--s 00010000 08:07 526317                     /home/fernando/.m2/repository/org/hibernate/common/hibernate-commons-annotations/4.0.4.Final/hibernate-commons-annotations-4.0.4.Final.jar
7f253c028000-7f253c02d000 r--s 00016000 08:07 526316                     /home/fernando/.m2/repository/xml-apis/xml-apis/1.0.b2/xml-apis-1.0.b2.jar
7f253c02d000-7f253c032000 r--s 00048000 08:07 526315                     /home/fernando/.m2/repository/dom4j/dom4j/1.6.1/dom4j-1.6.1.jar
7f253c032000-7f253c034000 r--s 00011000 08:07 526312                     /home/fernando/.m2/repository/org/jboss/jandex/1.1.0.Final/jandex-1.1.0.Final.jar
7f253c034000-7f253c039000 r--s 00068000 08:07 526311                     /home/fernando/.m2/repository/antlr/antlr/2.7.7/antlr-2.7.7.jar
7f253c039000-7f253c03a000 r--s 00002000 08:07 526259                     /home/fernando/.m2/repository/org/jboss/logging/jboss-logging-annotations/1.2.0.Beta1/jboss-logging-annotations-1.2.0.Beta1.jar
7f253c03a000-7f253c03c000 r--s 0000c000 08:07 526250                     /home/fernando/.m2/repository/org/jboss/logging/jboss-logging/3.1.3.GA/jboss-logging-3.1.3.GA.jar
7f253c03c000-7f253c04a000 r--s 00090000 08:07 526247                     /home/fernando/.m2/repository/org/hibernate/hibernate-entitymanager/4.3.5.Final/hibernate-entitymanager-4.3.5.Final.jar
7f253c04a000-7f253c04d000 ---p 00000000 00:00 0 
7f253c04d000-7f253c14b000 rw-p 00000000 00:00 0                          [stack:5961]
7f253c14b000-7f253c14d000 r--s 00006000 08:07 660249                     /home/fernando/.m2/repository/javax/transaction/javax.transaction-api/1.2/javax.transaction-api-1.2.jar
7f253c14d000-7f253c15c000 r--s 001a0000 08:07 660237                     /home/fernando/.m2/repository/org/eclipse/jetty/orbit/org.eclipse.jdt.core/3.8.2.v20130121/org.eclipse.jdt.core-3.8.2.v20130121.jar
7f253c15c000-7f253c160000 r--s 00033000 08:07 803577                     /home/fernando/.m2/repository/org/glassfish/javax.el/3.0.0/javax.el-3.0.0.jar
7f253c160000-7f253c169000 r--s 0005b000 08:07 803574                     /home/fernando/.m2/repository/org/glassfish/web/javax.servlet.jsp.jstl/1.2.2/javax.servlet.jsp.jstl-1.2.2.jar
7f253c169000-7f253c16b000 r--s 0000b000 08:07 803571                     /home/fernando/.m2/repository/org/eclipse/jetty/orbit/javax.servlet.jsp.jstl/1.2.0.v201105211821/javax.servlet.jsp.jstl-1.2.0.v201105211821.jar
7f253c16b000-7f253c172000 r--s 0007f000 08:07 803568                     /home/fernando/.m2/repository/org/glassfish/web/javax.servlet.jsp/2.3.2/javax.servlet.jsp-2.3.2.jar
7f253c172000-7f253c174000 r--s 0000b000 08:07 660110                     /home/fernando/.m2/repository/javax/servlet/jsp/javax.servlet.jsp-api/2.3.1/javax.servlet.jsp-api-2.3.1.jar
7f253c174000-7f253c176000 r--s 0002c000 08:07 660228                     /home/fernando/.m2/repository/org/eclipse/jetty/toolchain/jetty-schemas/3.1.M0/jetty-schemas-3.1.M0.jar
7f253c176000-7f253c177000 r--s 00000000 08:07 803565                     /home/fernando/.m2/repository/org/eclipse/jetty/jetty-jsp/9.1.3.v20140225/jetty-jsp-9.1.3.v20140225.jar
7f253c177000-7f253c179000 r--s 00003000 08:07 803562                     /home/fernando/.m2/repository/org/eclipse/jetty/websocket/websocket-servlet/9.1.3.v20140225/websocket-servlet-9.1.3.v20140225.jar
7f253c179000-7f253c17b000 r--s 00007000 08:07 803559                     /home/fernando/.m2/repository/org/eclipse/jetty/websocket/websocket-client/9.1.3.v20140225/websocket-client-9.1.3.v20140225.jar
7f253c17b000-7f253c17d000 r--s 00009000 08:07 803556                     /home/fernando/.m2/repository/org/eclipse/jetty/websocket/websocket-api/9.1.3.v20140225/websocket-api-9.1.3.v20140225.jar
7f253c17d000-7f253c182000 r--s 00025000 08:07 803553                     /home/fernando/.m2/repository/org/eclipse/jetty/websocket/websocket-common/9.1.3.v20140225/websocket-common-9.1.3.v20140225.jar
7f253c182000-7f253c184000 r--s 00007000 08:07 803550                     /home/fernando/.m2/repository/org/eclipse/jetty/websocket/websocket-server/9.1.3.v20140225/websocket-server-9.1.3.v20140225.jar
7f253c184000-7f253c186000 r--s 00007000 08:07 526418                     /home/fernando/.m2/repository/javax/websocket/javax.websocket-api/1.0/javax.websocket-api-1.0.jar
7f253c186000-7f253c18b000 r--s 00022000 08:07 803547                     /home/fernando/.m2/repository/org/eclipse/jetty/websocket/javax-websocket-client-impl/9.1.3.v20140225/javax-websocket-client-impl-9.1.3.v20140225.jar
7f253c18b000-7f253c18c000 r--s 00008000 08:07 803544                     /home/fernando/.m2/repository/org/eclipse/jetty/websocket/javax-websocket-server-impl/9.1.3.v20140225/javax-websocket-server-impl-9.1.3.v20140225.jar
7f253c18c000-7f253c18e000 r--s 00005000 08:07 660201                     /home/fernando/.m2/repository/javax/annotation/javax.annotation-api/1.2/javax.annotation-api-1.2.jar
7f253c18e000-7f253c191000 r--s 00011000 08:07 803541                     /home/fernando/.m2/repository/org/eclipse/jetty/jetty-annotations/9.1.3.v20140225/jetty-annotations-9.1.3.v20140225.jar
7f253c191000-7f253c192000 r--s 00005000 08:07 803538                     /home/fernando/.m2/repository/org/eclipse/jetty/jetty-jmx/9.1.3.v20140225/jetty-jmx-9.1.3.v20140225.jar
7f253c192000-7f253c195000 r--s 00016000 08:07 803535                     /home/fernando/.m2/repository/org/eclipse/jetty/jetty-io/9.1.3.v20140225/jetty-io-9.1.3.v20140225.jar
7f253c195000-7f253c198000 r--s 00017000 08:07 803532                     /home/fernando/.m2/repository/org/eclipse/jetty/jetty-http/9.1.3.v20140225/jetty-http-9.1.3.v20140225.jar
7f253c198000-7f253c19b000 r--s 00015000 08:07 660108                     /home/fernando/.m2/repository/javax/servlet/javax.servlet-api/3.1.0/javax.servlet-api-3.1.0.jar
7f253c19b000-7f253c1a1000 r--s 0005d000 08:07 803529                     /home/fernando/.m2/repository/org/eclipse/jetty/jetty-server/9.1.3.v20140225/jetty-server-9.1.3.v20140225.jar
7f253c1a1000-7f253c1a3000 r--s 00009000 08:07 803526                     /home/fernando/.m2/repository/org/eclipse/jetty/jetty-jndi/9.1.3.v20140225/jetty-jndi-9.1.3.v20140225.jar
7f253c1a3000-7f253c1a5000 r--s 0000c000 08:07 803523                     /home/fernando/.m2/repository/org/eclipse/jetty/jetty-plus/9.1.3.v20140225/jetty-plus-9.1.3.v20140225.jar
7f253c1a5000-7f253c1a8000 r--s 00015000 08:07 803520                     /home/fernando/.m2/repository/org/eclipse/jetty/jetty-security/9.1.3.v20140225/jetty-security-9.1.3.v20140225.jar
7f253c1a8000-7f253c1aa000 r--s 00008000 08:07 803517                     /home/fernando/.m2/repository/org/eclipse/jetty/jetty-jaas/9.1.3.v20140225/jetty-jaas-9.1.3.v20140225.jar
7f253c1aa000-7f253c1ad000 r--s 00019000 08:07 803514                     /home/fernando/.m2/repository/org/eclipse/jetty/jetty-servlet/9.1.3.v20140225/jetty-servlet-9.1.3.v20140225.jar
7f253c1ad000-7f253c1ae000 r--s 0000a000 08:07 803511                     /home/fernando/.m2/repository/org/eclipse/jetty/jetty-xml/9.1.3.v20140225/jetty-xml-9.1.3.v20140225.jar
7f253c1ae000-7f253c1b0000 r--s 0001a000 08:07 803508                     /home/fernando/.m2/repository/org/eclipse/jetty/jetty-webapp/9.1.3.v20140225/jetty-webapp-9.1.3.v20140225.jar
7f253c1b0000-7f253c1b5000 r--s 0004d000 08:07 803505                     /home/fernando/.m2/repository/org/eclipse/jetty/jetty-util/9.1.3.v20140225/jetty-util-9.1.3.v20140225.jar
7f253c1b5000-7f253c1bd000 r--s 00049000 08:07 526615                     /home/fernando/.m2/repository/backport-util-concurrent/backport-util-concurrent/3.1/backport-util-concurrent-3.1.jar
7f253c1bd000-7f253c1be000 r--s 00005000 08:07 660162                     /home/fernando/.m2/repository/org/apache/maven/plugin-tools/maven-plugin-tools-api/3.1/maven-plugin-tools-api-3.1.jar
7f253c1be000-7f253c1c0000 r--s 00002000 08:07 528172                     /home/fernando/.m2/repository/org/sonatype/plexus/plexus-cipher/1.4/plexus-cipher-1.4.jar
7f253c1c0000-7f253c1c1000 r--s 00006000 08:07 528164                     /home/fernando/.m2/repository/org/sonatype/plexus/plexus-sec-dispatcher/1.3/plexus-sec-dispatcher-1.3.jar
7f253c1c1000-7f253c1c3000 r--s 0000d000 08:07 660159                     /home/fernando/.m2/repository/org/codehaus/plexus/plexus-interpolation/1.14/plexus-interpolation-1.14.jar
7f253c1c3000-7f253c1c7000 r--s 0001a000 08:07 660156                     /home/fernando/.m2/repository/org/sonatype/aether/aether-util/1.11/aether-util-1.11.jar
7f253c1c7000-7f253c1cb000 r--s 00033000 08:07 660153                     /home/fernando/.m2/repository/org/codehaus/plexus/plexus-utils/2.0.6/plexus-utils-2.0.6.jar
7f253c1cb000-7f253c1d7000 r--s 0006b000 08:07 660150                     /home/fernando/.m2/repository/org/sonatype/sisu/sisu-guice/2.9.4/sisu-guice-2.9.4-no_aop.jar
7f253c1d7000-7f253c1dd000 r--s 00033000 08:07 660147                     /home/fernando/.m2/repository/org/sonatype/sisu/sisu-inject-bean/2.1.1/sisu-inject-bean-2.1.1.jar
7f253c1dd000-7f253c1df000 r--s 00006000 08:07 655843                     /home/fernando/.m2/repository/org/ow2/asm/asm-tree/5.0.2/asm-tree-5.0.2.jar
7f253c1df000-7f253c1e1000 r--s 00009000 08:07 655834                     /home/fernando/.m2/repository/org/ow2/asm/asm-commons/5.0.2/asm-commons-5.0.2.jar
7f253c1e1000-7f253c1e2000 r--s 0000c000 08:07 655816                     /home/fernando/.m2/repository/org/ow2/asm/asm/5.0.2/asm-5.0.2.jar
7f253c1e2000-7f253c1e4000 r--s 00014000 08:07 661786                     /home/fernando/.m2/repository/org/eclipse/jetty/jetty-maven-plugin/9.1.3.v20140225/jetty-maven-plugin-9.1.3.v20140225.jar
7f253c1e4000-7f253c3e4000 rw-p 00000000 00:00 0 
7f253c3e4000-7f253c5e4000 rw-p 00000000 00:00 0 
7f253c5e4000-7f253c65c000 r--s 010ee000 08:07 801033                     /usr/lib/jvm/java-8-openjdk-amd64/lib/tools.jar
7f253c65c000-7f253c65f000 r--s 0001b000 08:07 525593                     /home/fernando/.m2/repository/junit/junit/3.8.2/junit-3.8.2.jar
7f253c65f000-7f253c66d000 r--s 0008f000 08:07 525590                     /home/fernando/.m2/repository/com/google/collections/google-collections/1.0/google-collections-1.0.jar
7f253c66d000-7f253c66e000 r--s 0000a000 08:07 525587                     /home/fernando/.m2/repository/commons-logging/commons-logging-api/1.1/commons-logging-api-1.1.jar
7f253c66e000-7f253c675000 r--s 00051000 08:07 525584                     /home/fernando/.m2/repository/log4j/log4j/1.2.12/log4j-1.2.12.jar
7f253c675000-7f253c679000 r--s 0001d000 08:07 525581                     /home/fernando/.m2/repository/org/apache/xbean/xbean-reflect/3.4/xbean-reflect-3.4.jar
7f253c679000-7f253c67a000 r--s 00004000 08:07 525578                     /home/fernando/.m2/repository/org/codehaus/plexus/plexus-compiler-javac/2.2/plexus-compiler-javac-2.2.jar
7f253c67a000-7f253c67c000 r--s 00000000 08:07 525575                     /home/fernando/.m2/repository/org/codehaus/plexus/plexus-compiler-manager/2.2/plexus-compiler-manager-2.2.jar
7f253c67c000-7f253c67e000 r--s 00005000 08:07 525572                     /home/fernando/.m2/repository/org/codehaus/plexus/plexus-compiler-api/2.2/plexus-compiler-api-2.2.jar
7f253c67e000-7f253c680000 r--s 00000000 08:07 525569                     /home/fernando/.m2/repository/org/codehaus/plexus/plexus-component-annotations/1.5.5/plexus-component-annotations-1.5.5.jar
7f253c680000-7f253c682000 r--s 00002000 08:07 525566                     /home/fernando/.m2/repository/org/apache/maven/shared/maven-shared-incremental/1.1/maven-shared-incremental-1.1.jar
7f253c682000-7f253c684000 r--s 00006000 08:07 525563                     /home/fernando/.m2/repository/com/google/code/findbugs/jsr305/2.0.1/jsr305-2.0.1.jar
7f253c684000-7f253c687000 r--s 00023000 08:07 525560                     /home/fernando/.m2/repository/org/apache/maven/shared/maven-shared-utils/0.1/maven-shared-utils-0.1.jar
7f253c687000-7f253c68b000 r--s 00030000 08:07 525557                     /home/fernando/.m2/repository/org/codehaus/plexus/plexus-utils/1.5.1/plexus-utils-1.5.1.jar
7f253c68b000-7f253c68d000 r--s 00009000 08:07 524792                     /home/fernando/.m2/repository/org/apache/maven/plugins/maven-compiler-plugin/3.1/maven-compiler-plugin-3.1.jar
7f253c68d000-7f253c68f000 r--s 0000d000 08:07 525736                     /home/fernando/.m2/repository/org/codehaus/plexus/plexus-interpolation/1.13/plexus-interpolation-1.13.jar
7f253c68f000-7f253c690000 r--s 00001000 08:07 525732                     /home/fernando/.m2/repository/org/sonatype/plexus/plexus-build-api/0.0.4/plexus-build-api-0.0.4.jar
7f253c690000-7f253c692000 r--s 00009000 08:07 525729                     /home/fernando/.m2/repository/org/apache/maven/shared/maven-filtering/1.1/maven-filtering-1.1.jar
7f253c692000-7f253c696000 r--s 00033000 08:07 525718                     /home/fernando/.m2/repository/org/codehaus/plexus/plexus-utils/2.0.5/plexus-utils-2.0.5.jar
7f253c696000-7f253c699000 r--s 0001b000 08:07 525714                     /home/fernando/.m2/repository/junit/junit/3.8.1/junit-3.8.1.jar
7f253c699000-7f253c69b000 r--s 00002000 08:07 525705                     /home/fernando/.m2/repository/org/codehaus/plexus/plexus-interactivity-api/1.0-alpha-4/plexus-interactivity-api-1.0-alpha-4.jar
7f253c69b000-7f253c69d000 r--s 00006000 08:07 525702                     /home/fernando/.m2/repository/commons-cli/commons-cli/1.0/commons-cli-1.0.jar
7f253c69d000-7f253c69e000 r--s 00001000 08:07 525698                     /home/fernando/.m2/repository/org/apache/maven/doxia/doxia-sink-api/1.0-alpha-7/doxia-sink-api-1.0-alpha-7.jar
7f253c69e000-7f253c69f000 r--s 00002000 08:07 525690                     /home/fernando/.m2/repository/org/apache/maven/reporting/maven-reporting-api/2.0.6/maven-reporting-api-2.0.6.jar
7f253c69f000-7f253c6a1000 r--s 00006000 08:07 524768                     /home/fernando/.m2/repository/org/apache/maven/plugins/maven-resources-plugin/2.6/maven-resources-plugin-2.6.jar
7f253c6a1000-7f253c8a1000 rw-p 00000000 00:00 0 
7f253c8a1000-7f253c8b2000 r-xp 00000000 08:07 800743                     /usr/lib/jvm/java-8-openjdk-amd64/jre/lib/amd64/libnio.so
7f253c8b2000-7f253cab1000 ---p 00011000 08:07 800743                     /usr/lib/jvm/java-8-openjdk-amd64/jre/lib/amd64/libnio.so
7f253cab1000-7f253cab2000 r--p 00010000 08:07 800743                     /usr/lib/jvm/java-8-openjdk-amd64/jre/lib/amd64/libnio.so
7f253cab2000-7f253cab3000 rw-p 00011000 08:07 800743                     /usr/lib/jvm/java-8-openjdk-amd64/jre/lib/amd64/libnio.so
7f253cab3000-7f253cdb4000 rw-p 00000000 00:00 0 
7f253cdb4000-7f253cdcb000 r-xp 00000000 08:07 800724                     /usr/lib/jvm/java-8-openjdk-amd64/jre/lib/amd64/libnet.so
7f253cdcb000-7f253cfca000 ---p 00017000 08:07 800724                     /usr/lib/jvm/java-8-openjdk-amd64/jre/lib/amd64/libnet.so
7f253cfca000-7f253cfcb000 r--p 00016000 08:07 800724                     /usr/lib/jvm/java-8-openjdk-amd64/jre/lib/amd64/libnet.so
7f253cfcb000-7f253cfcc000 rw-p 00017000 08:07 800724                     /usr/lib/jvm/java-8-openjdk-amd64/jre/lib/amd64/libnet.so
7f253cfcc000-7f253cfd1000 r--s 00094000 08:07 800753                     /usr/lib/jvm/java-8-openjdk-amd64/jre/lib/jsse.jar
7f253cfd1000-7f253d1d1000 rw-p 00000000 00:00 0 
7f253d1d1000-7f253d3d1000 rw-p 00000000 00:00 0 
7f253d3d1000-7f253d3d2000 r--s 00002000 08:07 394983                     /home/fernando/Downloads/eclipse/plugins/org.eclipse.m2e.maven.runtime.slf4j.simple_1.5.1.20150109-1819/jars/slf4j-simple-1.7.5.jar
7f253d3d2000-7f253d3d7000 r--s 00041000 08:07 395096                     /home/fernando/Downloads/eclipse/plugins/org.eclipse.m2e.maven.runtime_1.5.1.20150109-1819/jars/commons-lang-2.6.jar
7f253d3d7000-7f253d3d8000 r--s 00002000 08:07 395092                     /home/fernando/Downloads/eclipse/plugins/org.eclipse.m2e.maven.runtime_1.5.1.20150109-1819/jars/wagon-file-2.6.jar
7f253d3d8000-7f253d3da000 r--s 00007000 08:07 395091                     /home/fernando/Downloads/eclipse/plugins/org.eclipse.m2e.maven.runtime_1.5.1.20150109-1819/jars/aether-connector-wagon-0.9.0.M2.jar
7f253d3da000-7f253d3df000 r--s 00047000 08:07 395088                     /home/fernando/Downloads/eclipse/plugins/org.eclipse.m2e.maven.runtime_1.5.1.20150109-1819/jars/okhttp-1.5.4.jar
7f253d3df000-7f253d3e1000 r--s 0000d000 08:07 395087                     /home/fernando/Downloads/eclipse/plugins/org.eclipse.m2e.maven.runtime_1.5.1.20150109-1819/jars/aether-connector-okhttp-0.12.0.jar
7f253d3e1000-7f253d3e3000 r--s 00003000 08:07 395101                     /home/fernando/Downloads/eclipse/plugins/org.eclipse.m2e.maven.runtime_1.5.1.20150109-1819/jars/aether-spi-0.9.0.M2.jar
7f253d3e3000-7f253d3e7000 r--s 00020000 08:07 395111                     /home/fernando/Downloads/eclipse/plugins/org.eclipse.m2e.maven.runtime_1.5.1.20150109-1819/jars/aether-impl-0.9.0.M2.jar
7f253d3e7000-7f253d410000 r--s 001ee000 08:07 395104                     /home/fernando/Downloads/eclipse/plugins/org.eclipse.m2e.maven.runtime_1.5.1.20150109-1819/jars/guava-14.0.1.jar
7f253d410000-7f253d411000 r--s 00000000 08:07 395084                     /home/fernando/Downloads/eclipse/plugins/org.eclipse.m2e.maven.runtime_1.5.1.20150109-1819/jars/javax.inject-1.jar
7f253d411000-7f253d419000 r--s 00050000 08:07 395099                     /home/fernando/Downloads/eclipse/plugins/org.eclipse.m2e.maven.runtime_1.5.1.20150109-1819/jars/sisu-guice-3.1.3-no_aop.jar
7f253d419000-7f253d41f000 r--s 00042000 08:07 395098                     /home/fernando/Downloads/eclipse/plugins/org.eclipse.m2e.maven.runtime_1.5.1.20150109-1819/jars/org.eclipse.sisu.inject-0.0.0.M5.jar
7f253d41f000-7f253d420000 r--s 00001000 08:07 395094                     /home/fernando/Downloads/eclipse/plugins/org.eclipse.m2e.maven.runtime_1.5.1.20150109-1819/jars/jsr250-api-1.0.jar
7f253d420000-7f253d423000 r--s 00008000 08:07 395083                     /home/fernando/Downloads/eclipse/plugins/org.eclipse.m2e.maven.runtime_1.5.1.20150109-1819/jars/cdi-api-1.0.jar
7f253d423000-7f253d429000 r--s 0002a000 08:07 395097                     /home/fernando/Downloads/eclipse/plugins/org.eclipse.m2e.maven.runtime_1.5.1.20150109-1819/jars/org.eclipse.sisu.plexus-0.0.0.M5.jar
7f253d429000-7f253d42b000 r--s 0000b000 08:07 395080                     /home/fernando/Downloads/eclipse/plugins/org.eclipse.m2e.maven.runtime_1.5.1.20150109-1819/jars/wagon-provider-api-2.6.jar
7f253d42b000-7f253d432000 r--s 0003f000 08:07 395103                     /home/fernando/Downloads/eclipse/plugins/org.eclipse.m2e.maven.runtime_1.5.1.20150109-1819/jars/maven-compat-3.2.1.jar
7f253d432000-7f253d434000 r--s 00009000 08:07 395113                     /home/fernando/Downloads/eclipse/plugins/org.eclipse.m2e.maven.runtime_1.5.1.20150109-1819/jars/commons-cli-1.2.jar
7f253d434000-7f253d436000 r--s 00002000 08:07 395102                     /home/fernando/Downloads/eclipse/plugins/org.eclipse.m2e.maven.runtime_1.5.1.20150109-1819/jars/plexus-cipher-1.7.jar
7f253d436000-7f253d438000 r--s 0000d000 08:07 395089                     /home/fernando/Downloads/eclipse/plugins/org.eclipse.m2e.maven.runtime_1.5.1.20150109-1819/jars/maven-embedder-3.2.1.jar
7f253d438000-7f253d439000 r--s 00006000 08:07 395108                     /home/fernando/Downloads/eclipse/plugins/org.eclipse.m2e.maven.runtime_1.5.1.20150109-1819/jars/plexus-sec-dispatcher-1.3.jar
7f253d439000-7f253d43a000 ---p 00000000 00:00 0 
7f253d43a000-7f253d53a000 rw-p 00000000 00:00 0                          [stack:5959]
7f253d53a000-7f253d53d000 ---p 00000000 00:00 0 
7f253d53d000-7f253d63b000 rw-p 00000000 00:00 0                          [stack:5958]
7f253d63b000-7f253d63e000 ---p 00000000 00:00 0 
7f253d63e000-7f253d73c000 rw-p 00000000 00:00 0                          [stack:5957]
7f253d73c000-7f253d73f000 ---p 00000000 00:00 0 
7f253d73f000-7f253d83d000 rw-p 00000000 00:00 0                          [stack:5956]
7f253d83d000-7f253d840000 ---p 00000000 00:00 0 
7f253d840000-7f253d93e000 rw-p 00000000 00:00 0                          [stack:5955]
7f253d93e000-7f253d941000 ---p 00000000 00:00 0 
7f253d941000-7f253da3f000 rw-p 00000000 00:00 0                          [stack:5952]
7f253da3f000-7f253da42000 ---p 00000000 00:00 0 
7f253da42000-7f253db40000 rw-p 00000000 00:00 0                          [stack:5951]
7f253db40000-7f253db43000 ---p 00000000 00:00 0 
7f253db43000-7f253dc41000 rw-p 00000000 00:00 0                          [stack:5948]
7f253dc41000-7f253dc45000 r-xp 00000000 08:07 800749                     /usr/lib/jvm/java-8-openjdk-amd64/jre/lib/amd64/libdt_socket.so
7f253dc45000-7f253de44000 ---p 00004000 08:07 800749                     /usr/lib/jvm/java-8-openjdk-amd64/jre/lib/amd64/libdt_socket.so
7f253de44000-7f253de45000 r--p 00003000 08:07 800749                     /usr/lib/jvm/java-8-openjdk-amd64/jre/lib/amd64/libdt_socket.so
7f253de45000-7f253de46000 rw-p 00004000 08:07 800749                     /usr/lib/jvm/java-8-openjdk-amd64/jre/lib/amd64/libdt_socket.so
7f253de46000-7f253de4b000 r-xp 00000000 08:07 795287                     /usr/lib/x86_64-linux-gnu/libXdmcp.so.6.0.0
7f253de4b000-7f253e04a000 ---p 00005000 08:07 795287                     /usr/lib/x86_64-linux-gnu/libXdmcp.so.6.0.0
7f253e04a000-7f253e04b000 r--p 00004000 08:07 795287                     /usr/lib/x86_64-linux-gnu/libXdmcp.so.6.0.0
7f253e04b000-7f253e04c000 rw-p 00005000 08:07 795287                     /usr/lib/x86_64-linux-gnu/libXdmcp.so.6.0.0
7f253e04c000-7f253e04e000 r-xp 00000000 08:07 795276                     /usr/lib/x86_64-linux-gnu/libXau.so.6.0.0
7f253e04e000-7f253e24e000 ---p 00002000 08:07 795276                     /usr/lib/x86_64-linux-gnu/libXau.so.6.0.0
7f253e24e000-7f253e24f000 r--p 00002000 08:07 795276                     /usr/lib/x86_64-linux-gnu/libXau.so.6.0.0
7f253e24f000-7f253e250000 rw-p 00003000 08:07 795276                     /usr/lib/x86_64-linux-gnu/libXau.so.6.0.0
7f253e250000-7f253e26d000 r-xp 00000000 08:07 796474                     /usr/lib/x86_64-linux-gnu/libxcb.so.1.1.0
7f253e26d000-7f253e46d000 ---p 0001d000 08:07 796474                     /usr/lib/x86_64-linux-gnu/libxcb.so.1.1.0
7f253e46d000-7f253e46e000 r--p 0001d000 08:07 796474                     /usr/lib/x86_64-linux-gnu/libxcb.so.1.1.0
7f253e46e000-7f253e46f000 rw-p 0001e000 08:07 796474                     /usr/lib/x86_64-linux-gnu/libxcb.so.1.1.0
7f253e46f000-7f253e5a2000 r-xp 00000000 08:07 795272                     /usr/lib/x86_64-linux-gnu/libX11.so.6.3.0
7f253e5a2000-7f253e7a2000 ---p 00133000 08:07 795272                     /usr/lib/x86_64-linux-gnu/libX11.so.6.3.0
7f253e7a2000-7f253e7a3000 r--p 00133000 08:07 795272                     /usr/lib/x86_64-linux-gnu/libX11.so.6.3.0
7f253e7a3000-7f253e7a7000 rw-p 00134000 08:07 795272                     /usr/lib/x86_64-linux-gnu/libX11.so.6.3.0
7f253e7a7000-7f253e7a8000 rw-p 00000000 00:00 0 
7f253e7a8000-7f253e7aa000 r-xp 00000000 08:07 791966                     /usr/lib/jayatana/libjayatanaag.so
7f253e7aa000-7f253e9a9000 ---p 00002000 08:07 791966                     /usr/lib/jayatana/libjayatanaag.so
7f253e9a9000-7f253e9aa000 r--p 00001000 08:07 791966                     /usr/lib/jayatana/libjayatanaag.so
7f253e9aa000-7f253e9ab000 rw-p 00002000 08:07 791966                     /usr/lib/jayatana/libjayatanaag.so
7f253e9ab000-7f253e9ae000 ---p 00000000 00:00 0 
7f253e9ae000-7f253eaac000 rw-p 00000000 00:00 0                          [stack:5945]
7f253eaac000-7f253eaaf000 ---p 00000000 00:00 0 
7f253eaaf000-7f253ebad000 rw-p 00000000 00:00 0                          [stack:5944]
7f253ebad000-7f253ebb0000 ---p 00000000 00:00 0 
7f253ebb0000-7f253ecae000 rw-p 00000000 00:00 0                          [stack:5943]
7f253ecae000-7f253ecaf000 ---p 00000000 00:00 0 
7f253ecaf000-7f25401c3000 rw-p 00000000 00:00 0                          [stack:5942]
7f25401c3000-7f2540390000 r--s 03bd3000 08:07 800786                     /usr/lib/jvm/java-8-openjdk-amd64/jre/lib/rt.jar
7f2540390000-7f2544000000 rw-p 00000000 00:00 0 
7f2544000000-7f2544021000 rw-p 00000000 00:00 0 
7f2544021000-7f2548000000 ---p 00000000 00:00 0 
7f2548000000-7f2548023000 rw-p 00000000 00:00 0 
7f2548023000-7f254c000000 ---p 00000000 00:00 0 
7f254c000000-7f254c021000 rw-p 00000000 00:00 0 
7f254c021000-7f2550000000 ---p 00000000 00:00 0 
7f2550000000-7f2550021000 rw-p 00000000 00:00 0 
7f2550021000-7f2554000000 ---p 00000000 00:00 0 
7f2554000000-7f2554021000 rw-p 00000000 00:00 0 
7f2554021000-7f2558000000 ---p 00000000 00:00 0 
7f2558000000-7f2558021000 rw-p 00000000 00:00 0 
7f2558021000-7f255c000000 ---p 00000000 00:00 0 
7f255c000000-7f255c002000 r--s 00000000 08:07 395105                     /home/fernando/Downloads/eclipse/plugins/org.eclipse.m2e.maven.runtime_1.5.1.20150109-1819/jars/plexus-component-annotations-1.5.5.jar
7f255c002000-7f255c006000 r--s 0003a000 08:07 395085                     /home/fernando/Downloads/eclipse/plugins/org.eclipse.m2e.maven.runtime_1.5.1.20150109-1819/jars/plexus-utils-3.0.17.jar
7f255c006000-7f255c009000 r--s 0000d000 08:07 395082                     /home/fernando/Downloads/eclipse/plugins/org.eclipse.m2e.maven.runtime_1.5.1.20150109-1819/jars/plexus-interpolation-1.19.jar
7f255c009000-7f255c00d000 r--s 0001d000 08:07 395081                     /home/fernando/Downloads/eclipse/plugins/org.eclipse.m2e.maven.runtime_1.5.1.20150109-1819/jars/aether-util-0.9.0.M2.jar
7f255c00d000-7f255c011000 r--s 0001d000 08:07 395114                     /home/fernando/Downloads/eclipse/plugins/org.eclipse.m2e.maven.runtime_1.5.1.20150109-1819/jars/aether-api-0.9.0.M2.jar
7f255c011000-7f255c012000 r--s 0000e000 08:07 395116                     /home/fernando/Downloads/eclipse/plugins/org.eclipse.m2e.maven.runtime_1.5.1.20150109-1819/jars/maven-aether-provider-3.2.1.jar
7f255c012000-7f255c017000 r--s 00024000 08:07 395095                     /home/fernando/Downloads/eclipse/plugins/org.eclipse.m2e.maven.runtime_1.5.1.20150109-1819/jars/maven-model-builder-3.2.1.jar
7f255c017000-7f255c019000 r--s 0000a000 08:07 395107                     /home/fernando/Downloads/eclipse/plugins/org.eclipse.m2e.maven.runtime_1.5.1.20150109-1819/jars/maven-plugin-api-3.2.1.jar
7f255c019000-7f255c01c000 r--s 0000b000 08:07 395112                     /home/fernando/Downloads/eclipse/plugins/org.eclipse.m2e.maven.runtime_1.5.1.20150109-1819/jars/maven-artifact-3.2.1.jar
7f255c01c000-7f255c01e000 r--s 00005000 08:07 395079                     /home/fernando/Downloads/eclipse/plugins/org.eclipse.m2e.maven.runtime_1.5.1.20150109-1819/jars/maven-repository-metadata-3.2.1.jar
7f255c01e000-7f255c020000 r--s 00009000 08:07 395090                     /home/fernando/Downloads/eclipse/plugins/org.eclipse.m2e.maven.runtime_1.5.1.20150109-1819/jars/maven-settings-builder-3.2.1.jar
7f255c020000-7f255c022000 r--s 00009000 08:07 395100                     /home/fernando/Downloads/eclipse/plugins/org.eclipse.m2e.maven.runtime_1.5.1.20150109-1819/jars/maven-settings-3.2.1.jar
7f255c022000-7f255c025000 r--s 00025000 08:07 395093                     /home/fernando/Downloads/eclipse/plugins/org.eclipse.m2e.maven.runtime_1.5.1.20150109-1819/jars/maven-model-3.2.1.jar
7f255c025000-7f255c031000 r--s 00081000 08:07 395115                     /home/fernando/Downloads/eclipse/plugins/org.eclipse.m2e.maven.runtime_1.5.1.20150109-1819/jars/maven-core-3.2.1.jar
7f255c031000-7f255c033000 r--s 00001000 08:07 395086                     /home/fernando/Downloads/eclipse/plugins/org.eclipse.m2e.maven.runtime_1.5.1.20150109-1819/jars/takari-local-repository-0.9.0.jar
7f255c033000-7f255c035000 r--s 00006000 08:07 1184885                    /usr/share/java/jayatana.jar
7f255c035000-7f255ccfd000 rw-p 00000000 00:00 0 
7f255ccfd000-7f255ccfe000 ---p 00000000 00:00 0 
7f255ccfe000-7f255cdfe000 rw-p 00000000 00:00 0                          [stack:5941]
7f255cdfe000-7f255cdff000 ---p 00000000 00:00 0 
7f255cdff000-7f255ceff000 rw-p 00000000 00:00 0                          [stack:5940]
7f255ceff000-7f255cf00000 ---p 00000000 00:00 0 
7f255cf00000-7f255d000000 rw-p 00000000 00:00 0                          [stack:5939]
7f255d000000-7f255f3f0000 rwxp 00000000 00:00 0 
7f255f3f0000-7f256c000000 ---p 00000000 00:00 0 
7f256c000000-7f256d6e7000 rw-p 00000000 00:00 0 
7f256d6e7000-7f2570000000 ---p 00000000 00:00 0 
7f2570000000-7f2570003000 r--s 0000a000 08:07 395106                     /home/fernando/Downloads/eclipse/plugins/org.eclipse.m2e.maven.runtime_1.5.1.20150109-1819/jars/plexus-classworlds-2.5.1.jar
7f2570003000-7f257001d000 r--s 001d3000 08:07 800761                     /usr/lib/jvm/java-8-openjdk-amd64/jre/lib/ext/nashorn.jar
7f257001d000-7f2570039000 r--s 00393000 08:07 800760                     /usr/lib/jvm/java-8-openjdk-amd64/jre/lib/ext/cldrdata.jar
7f2570039000-7f25700af000 rw-p 00000000 00:00 0 
7f25700af000-7f25700b0000 ---p 00000000 00:00 0 
7f25700b0000-7f25701b0000 rw-p 00000000 00:00 0                          [stack:5938]
7f25701b0000-7f25701b1000 ---p 00000000 00:00 0 
7f25701b1000-7f25702b1000 rw-p 00000000 00:00 0                          [stack:5937]
7f25702b1000-7f25702b2000 ---p 00000000 00:00 0 
7f25702b2000-7f2570451000 rw-p 00000000 00:00 0                          [stack:5936]
7f2570451000-7f2570637000 ---p 00000000 00:00 0 
7f2570637000-7f25706d6000 rw-p 00000000 00:00 0 
7f25706d6000-7f25708bb000 ---p 00000000 00:00 0 
7f25708bb000-7f25709fd000 rw-p 00000000 00:00 0 
7f25709fd000-7f25709fe000 ---p 00000000 00:00 0 
7f25709fe000-7f2570a8f000 rw-p 00000000 00:00 0 
7f2570a8f000-7f2570dbf000 ---p 00000000 00:00 0 
7f2570dbf000-7f2570dc7000 r-xp 00000000 08:07 800717                     /usr/lib/jvm/java-8-openjdk-amd64/jre/lib/amd64/libzip.so
7f2570dc7000-7f2570fc6000 ---p 00008000 08:07 800717                     /usr/lib/jvm/java-8-openjdk-amd64/jre/lib/amd64/libzip.so
7f2570fc6000-7f2570fc7000 r--p 00007000 08:07 800717                     /usr/lib/jvm/java-8-openjdk-amd64/jre/lib/amd64/libzip.so
7f2570fc7000-7f2570fc8000 rw-p 00008000 08:07 800717                     /usr/lib/jvm/java-8-openjdk-amd64/jre/lib/amd64/libzip.so
7f2570fc8000-7f2570fd4000 r-xp 00000000 08:07 2494874                    /lib/x86_64-linux-gnu/libnss_files-2.21.so
7f2570fd4000-7f25711d3000 ---p 0000c000 08:07 2494874                    /lib/x86_64-linux-gnu/libnss_files-2.21.so
7f25711d3000-7f25711d4000 r--p 0000b000 08:07 2494874                    /lib/x86_64-linux-gnu/libnss_files-2.21.so
7f25711d4000-7f25711d5000 rw-p 0000c000 08:07 2494874                    /lib/x86_64-linux-gnu/libnss_files-2.21.so
7f25711d5000-7f25711e0000 r-xp 00000000 08:07 2494884                    /lib/x86_64-linux-gnu/libnss_nis-2.21.so
7f25711e0000-7f25713df000 ---p 0000b000 08:07 2494884                    /lib/x86_64-linux-gnu/libnss_nis-2.21.so
7f25713df000-7f25713e0000 r--p 0000a000 08:07 2494884                    /lib/x86_64-linux-gnu/libnss_nis-2.21.so
7f25713e0000-7f25713e1000 rw-p 0000b000 08:07 2494884                    /lib/x86_64-linux-gnu/libnss_nis-2.21.so
7f25713e1000-7f25713f8000 r-xp 00000000 08:07 2494868                    /lib/x86_64-linux-gnu/libnsl-2.21.so
7f25713f8000-7f25715f7000 ---p 00017000 08:07 2494868                    /lib/x86_64-linux-gnu/libnsl-2.21.so
7f25715f7000-7f25715f8000 r--p 00016000 08:07 2494868                    /lib/x86_64-linux-gnu/libnsl-2.21.so
7f25715f8000-7f25715f9000 rw-p 00017000 08:07 2494868                    /lib/x86_64-linux-gnu/libnsl-2.21.so
7f25715f9000-7f25715fb000 rw-p 00000000 00:00 0 
7f25715fb000-7f2571603000 r-xp 00000000 08:07 2494870                    /lib/x86_64-linux-gnu/libnss_compat-2.21.so
7f2571603000-7f2571802000 ---p 00008000 08:07 2494870                    /lib/x86_64-linux-gnu/libnss_compat-2.21.so
7f2571802000-7f2571803000 r--p 00007000 08:07 2494870                    /lib/x86_64-linux-gnu/libnss_compat-2.21.so
7f2571803000-7f2571804000 rw-p 00008000 08:07 2494870                    /lib/x86_64-linux-gnu/libnss_compat-2.21.so
7f2571804000-7f2571ee6000 r--p 00000000 08:07 794250                     /usr/lib/locale/locale-archive
7f2571ee6000-7f2571ee8000 r-xp 00000000 08:07 800726                     /usr/lib/jvm/java-8-openjdk-amd64/jre/lib/amd64/libnpt.so
7f2571ee8000-7f25720e8000 ---p 00002000 08:07 800726                     /usr/lib/jvm/java-8-openjdk-amd64/jre/lib/amd64/libnpt.so
7f25720e8000-7f25720e9000 r--p 00002000 08:07 800726                     /usr/lib/jvm/java-8-openjdk-amd64/jre/lib/amd64/libnpt.so
7f25720e9000-7f25720ea000 rw-p 00003000 08:07 800726                     /usr/lib/jvm/java-8-openjdk-amd64/jre/lib/amd64/libnpt.so
7f25720ea000-7f2572125000 r-xp 00000000 08:07 800728                     /usr/lib/jvm/java-8-openjdk-amd64/jre/lib/amd64/libjdwp.so
7f2572125000-7f2572324000 ---p 0003b000 08:07 800728                     /usr/lib/jvm/java-8-openjdk-amd64/jre/lib/amd64/libjdwp.so
7f2572324000-7f2572325000 r--p 0003a000 08:07 800728                     /usr/lib/jvm/java-8-openjdk-amd64/jre/lib/amd64/libjdwp.so
7f2572325000-7f2572326000 rw-p 0003b000 08:07 800728                     /usr/lib/jvm/java-8-openjdk-amd64/jre/lib/amd64/libjdwp.so
7f2572326000-7f2572327000 rw-p 00000000 00:00 0 
7f2572327000-7f2572331000 r-xp 00000000 08:07 800736                     /usr/lib/jvm/java-8-openjdk-amd64/jre/lib/amd64/libinstrument.so
7f2572331000-7f2572530000 ---p 0000a000 08:07 800736                     /usr/lib/jvm/java-8-openjdk-amd64/jre/lib/amd64/libinstrument.so
7f2572530000-7f2572531000 r--p 00009000 08:07 800736                     /usr/lib/jvm/java-8-openjdk-amd64/jre/lib/amd64/libinstrument.so
7f2572531000-7f2572532000 rw-p 0000a000 08:07 800736                     /usr/lib/jvm/java-8-openjdk-amd64/jre/lib/amd64/libinstrument.so
7f2572532000-7f2572560000 r-xp 00000000 08:07 800714                     /usr/lib/jvm/java-8-openjdk-amd64/jre/lib/amd64/libjava.so
7f2572560000-7f257275f000 ---p 0002e000 08:07 800714                     /usr/lib/jvm/java-8-openjdk-amd64/jre/lib/amd64/libjava.so
7f257275f000-7f2572760000 r--p 0002d000 08:07 800714                     /usr/lib/jvm/java-8-openjdk-amd64/jre/lib/amd64/libjava.so
7f2572760000-7f2572762000 rw-p 0002e000 08:07 800714                     /usr/lib/jvm/java-8-openjdk-amd64/jre/lib/amd64/libjava.so
7f2572762000-7f2572771000 r-xp 00000000 08:07 800729                     /usr/lib/jvm/java-8-openjdk-amd64/jre/lib/amd64/libverify.so
7f2572771000-7f2572971000 ---p 0000f000 08:07 800729                     /usr/lib/jvm/java-8-openjdk-amd64/jre/lib/amd64/libverify.so
7f2572971000-7f2572974000 r--p 0000f000 08:07 800729                     /usr/lib/jvm/java-8-openjdk-amd64/jre/lib/amd64/libverify.so
7f2572974000-7f2572975000 rw-p 00012000 08:07 800729                     /usr/lib/jvm/java-8-openjdk-amd64/jre/lib/amd64/libverify.so
7f2572975000-7f257297c000 r-xp 00000000 08:07 2494929                    /lib/x86_64-linux-gnu/librt-2.21.so
7f257297c000-7f2572b7b000 ---p 00007000 08:07 2494929                    /lib/x86_64-linux-gnu/librt-2.21.so
7f2572b7b000-7f2572b7c000 r--p 00006000 08:07 2494929                    /lib/x86_64-linux-gnu/librt-2.21.so
7f2572b7c000-7f2572b7d000 rw-p 00007000 08:07 2494929                    /lib/x86_64-linux-gnu/librt-2.21.so
7f2572b7d000-7f2572b93000 r-xp 00000000 08:07 2494817                    /lib/x86_64-linux-gnu/libgcc_s.so.1
7f2572b93000-7f2572d92000 ---p 00016000 08:07 2494817                    /lib/x86_64-linux-gnu/libgcc_s.so.1
7f2572d92000-7f2572d93000 rw-p 00015000 08:07 2494817                    /lib/x86_64-linux-gnu/libgcc_s.so.1
7f2572d93000-7f2572e9a000 r-xp 00000000 08:07 2494847                    /lib/x86_64-linux-gnu/libm-2.21.so
7f2572e9a000-7f2573099000 ---p 00107000 08:07 2494847                    /lib/x86_64-linux-gnu/libm-2.21.so
7f2573099000-7f257309a000 r--p 00106000 08:07 2494847                    /lib/x86_64-linux-gnu/libm-2.21.so
7f257309a000-7f257309b000 rw-p 00107000 08:07 2494847                    /lib/x86_64-linux-gnu/libm-2.21.so
7f257309b000-7f257318b000 r-xp 00000000 08:07 796268                     /usr/lib/x86_64-linux-gnu/libstdc++.so.6.0.20
7f257318b000-7f257338b000 ---p 000f0000 08:07 796268                     /usr/lib/x86_64-linux-gnu/libstdc++.so.6.0.20
7f257338b000-7f2573393000 r--p 000f0000 08:07 796268                     /usr/lib/x86_64-linux-gnu/libstdc++.so.6.0.20
7f2573393000-7f2573395000 rw-p 000f8000 08:07 796268                     /usr/lib/x86_64-linux-gnu/libstdc++.so.6.0.20
7f2573395000-7f25733aa000 rw-p 00000000 00:00 0 
7f25733aa000-7f2574037000 r-xp 00000000 08:07 800741                     /usr/lib/jvm/java-8-openjdk-amd64/jre/lib/amd64/server/libjvm.so
7f2574037000-7f2574237000 ---p 00c8d000 08:07 800741                     /usr/lib/jvm/java-8-openjdk-amd64/jre/lib/amd64/server/libjvm.so
7f2574237000-7f25742da000 r--p 00c8d000 08:07 800741                     /usr/lib/jvm/java-8-openjdk-amd64/jre/lib/amd64/server/libjvm.so
7f25742da000-7f2574303000 rw-p 00d30000 08:07 800741                     /usr/lib/jvm/java-8-openjdk-amd64/jre/lib/amd64/server/libjvm.so
7f2574303000-7f2574332000 rw-p 00000000 00:00 0 
7f2574332000-7f257434a000 r-xp 00000000 08:07 2494921                    /lib/x86_64-linux-gnu/libpthread-2.21.so
7f257434a000-7f257454a000 ---p 00018000 08:07 2494921                    /lib/x86_64-linux-gnu/libpthread-2.21.so
7f257454a000-7f257454b000 r--p 00018000 08:07 2494921                    /lib/x86_64-linux-gnu/libpthread-2.21.so
7f257454b000-7f257454c000 rw-p 00019000 08:07 2494921                    /lib/x86_64-linux-gnu/libpthread-2.21.so
7f257454c000-7f2574550000 rw-p 00000000 00:00 0 
7f2574550000-7f2574553000 r-xp 00000000 08:07 2494805                    /lib/x86_64-linux-gnu/libdl-2.21.so
7f2574553000-7f2574752000 ---p 00003000 08:07 2494805                    /lib/x86_64-linux-gnu/libdl-2.21.so
7f2574752000-7f2574753000 r--p 00002000 08:07 2494805                    /lib/x86_64-linux-gnu/libdl-2.21.so
7f2574753000-7f2574754000 rw-p 00003000 08:07 2494805                    /lib/x86_64-linux-gnu/libdl-2.21.so
7f2574754000-7f257476d000 r-xp 00000000 08:07 2494962                    /lib/x86_64-linux-gnu/libz.so.1.2.8
7f257476d000-7f257496d000 ---p 00019000 08:07 2494962                    /lib/x86_64-linux-gnu/libz.so.1.2.8
7f257496d000-7f257496e000 r--p 00019000 08:07 2494962                    /lib/x86_64-linux-gnu/libz.so.1.2.8
7f257496e000-7f257496f000 rw-p 0001a000 08:07 2494962                    /lib/x86_64-linux-gnu/libz.so.1.2.8
7f257496f000-7f2574b2f000 r-xp 00000000 08:07 2494788                    /lib/x86_64-linux-gnu/libc-2.21.so
7f2574b2f000-7f2574d2f000 ---p 001c0000 08:07 2494788                    /lib/x86_64-linux-gnu/libc-2.21.so
7f2574d2f000-7f2574d33000 r--p 001c0000 08:07 2494788                    /lib/x86_64-linux-gnu/libc-2.21.so
7f2574d33000-7f2574d35000 rw-p 001c4000 08:07 2494788                    /lib/x86_64-linux-gnu/libc-2.21.so
7f2574d35000-7f2574d39000 rw-p 00000000 00:00 0 
7f2574d39000-7f2574d47000 r-xp 00000000 08:07 800748                     /usr/lib/jvm/java-8-openjdk-amd64/jre/lib/amd64/jli/libjli.so
7f2574d47000-7f2574f46000 ---p 0000e000 08:07 800748                     /usr/lib/jvm/java-8-openjdk-amd64/jre/lib/amd64/jli/libjli.so
7f2574f46000-7f2574f47000 r--p 0000d000 08:07 800748                     /usr/lib/jvm/java-8-openjdk-amd64/jre/lib/amd64/jli/libjli.so
7f2574f47000-7f2574f48000 rw-p 0000e000 08:07 800748                     /usr/lib/jvm/java-8-openjdk-amd64/jre/lib/amd64/jli/libjli.so
7f2574f48000-7f2574f6c000 r-xp 00000000 08:07 2494760                    /lib/x86_64-linux-gnu/ld-2.21.so
7f2574f6c000-7f2574f6d000 r--s 00003000 08:07 395110                     /home/fernando/Downloads/eclipse/plugins/org.eclipse.m2e.maven.runtime_1.5.1.20150109-1819/jars/takari-filemanager-0.7.0.jar
7f2574f6d000-7f257503b000 rw-p 00000000 00:00 0 
7f257503b000-7f257503e000 ---p 00000000 00:00 0 
7f257503e000-7f2575141000 rw-p 00000000 00:00 0                          [stack:5934]
7f2575141000-7f2575142000 r--s 00000000 08:07 1184886                    /usr/share/java/jayatanaag.jar
7f2575142000-7f2575148000 r--s 0003a000 08:07 800765                     /usr/lib/jvm/java-8-openjdk-amd64/jre/lib/ext/sunjce_provider.jar
7f2575148000-7f2575153000 r--s 00116000 08:07 800763                     /usr/lib/jvm/java-8-openjdk-amd64/jre/lib/ext/localedata.jar
7f2575153000-7f2575155000 r--s 00001000 08:07 800766                     /usr/lib/jvm/java-8-openjdk-amd64/jre/lib/ext/dnsns.jar
7f2575155000-7f2575156000 r--s 00010000 08:07 800764                     /usr/lib/jvm/java-8-openjdk-amd64/jre/lib/ext/zipfs.jar
7f2575156000-7f2575158000 r--s 00006000 08:07 1188458                    /usr/share/java/java-atk-wrapper.jar
7f2575158000-7f2575159000 r--s 00008000 08:07 800762                     /usr/lib/jvm/java-8-openjdk-amd64/jre/lib/ext/sunec.jar
7f2575159000-7f257515c000 r--s 0000f000 08:07 800767                     /usr/lib/jvm/java-8-openjdk-amd64/jre/lib/ext/icedtea-sound.jar
7f257515c000-7f257515f000 r--s 00037000 08:07 800768                     /usr/lib/jvm/java-8-openjdk-amd64/jre/lib/ext/sunpkcs11.jar
7f257515f000-7f2575167000 rw-s 00000000 08:07 2627755                    /tmp/hsperfdata_fernando/5928
7f2575167000-7f2575168000 rw-p 00000000 00:00 0 
7f2575168000-7f2575169000 r--p 00000000 00:00 0 
7f2575169000-7f257516b000 rw-p 00000000 00:00 0 
7f257516b000-7f257516c000 r--p 00023000 08:07 2494760                    /lib/x86_64-linux-gnu/ld-2.21.so
7f257516c000-7f257516d000 rw-p 00024000 08:07 2494760                    /lib/x86_64-linux-gnu/ld-2.21.so
7f257516d000-7f257516e000 rw-p 00000000 00:00 0 
7ffccff25000-7ffccff46000 rw-p 00000000 00:00 0                          [stack]
7ffccff5f000-7ffccff61000 r--p 00000000 00:00 0                          [vvar]
7ffccff61000-7ffccff63000 r-xp 00000000 00:00 0                          [vdso]
ffffffffff600000-ffffffffff601000 r-xp 00000000 00:00 0                  [vsyscall]

VM Arguments:
jvm_args: -javaagent:/usr/share/java/jayatanaag.jar -agentlib:jdwp=transport=dt_socket,suspend=y,address=localhost:44258 -Dmaven.home=EMBEDDED -Dclassworlds.conf=/media/fernando/a8820b28-4560-4f7c-9227-d37ba44ee071/home/fernando/detodo/desarrollo/dragome/ws/.metadata/.plugins/org.eclipse.m2e.launching/launches/m2conf9158689255277973445.tmp -Dfile.encoding=UTF-8 
java_command: org.codehaus.plexus.classworlds.launcher.Launcher -B jetty:run
java_class_path (initial): /home/fernando/Downloads/eclipse/plugins/org.eclipse.m2e.maven.runtime_1.5.1.20150109-1819/jars/plexus-classworlds-2.5.1.jar:/usr/share/java/jayatanaag.jar
Launcher Type: SUN_STANDARD

Environment Variables:
JAVA_TOOL_OPTIONS=-javaagent:/usr/share/java/jayatanaag.jar 
PATH=/usr/local/sbin:/usr/local/bin:/usr/sbin:/usr/bin:/sbin:/bin:/usr/games:/usr/local/games
SHELL=/bin/bash
DISPLAY=:0

Signal Handlers:
SIGSEGV: [libjvm.so+0xa90d80], sa_mask[0]=11111111011111111101111111111110, sa_flags=SA_RESTART|SA_SIGINFO
SIGBUS: [libjvm.so+0xa90d80], sa_mask[0]=11111111011111111101111111111110, sa_flags=SA_RESTART|SA_SIGINFO
SIGFPE: [libjvm.so+0x8dbc70], sa_mask[0]=11111111011111111101111111111110, sa_flags=SA_RESTART|SA_SIGINFO
SIGPIPE: [libjvm.so+0x8dbc70], sa_mask[0]=11111111011111111101111111111110, sa_flags=SA_RESTART|SA_SIGINFO
SIGXFSZ: [libjvm.so+0x8dbc70], sa_mask[0]=11111111011111111101111111111110, sa_flags=SA_RESTART|SA_SIGINFO
SIGILL: [libjvm.so+0x8dbc70], sa_mask[0]=11111111011111111101111111111110, sa_flags=SA_RESTART|SA_SIGINFO
SIGUSR1: SIG_DFL, sa_mask[0]=00000000000000000000000000000000, sa_flags=none
SIGUSR2: [libjvm.so+0x8dbb20], sa_mask[0]=00100000000000000000000000000000, sa_flags=SA_RESTART|SA_SIGINFO
SIGHUP: [libjvm.so+0x8dbd40], sa_mask[0]=11111111011111111101111111111110, sa_flags=SA_RESTART|SA_SIGINFO
SIGINT: [libjvm.so+0x8dbd40], sa_mask[0]=11111111011111111101111111111110, sa_flags=SA_RESTART|SA_SIGINFO
SIGTERM: [libjvm.so+0x8dbd40], sa_mask[0]=11111111011111111101111111111110, sa_flags=SA_RESTART|SA_SIGINFO
SIGQUIT: [libjvm.so+0x8dbd40], sa_mask[0]=11111111011111111101111111111110, sa_flags=SA_RESTART|SA_SIGINFO


---------------  S Y S T E M  ---------------

OS:DISTRIB_ID=Ubuntu
DISTRIB_RELEASE=15.04
DISTRIB_CODENAME=vivid
DISTRIB_DESCRIPTION="Ubuntu 15.04"

uname:Linux 3.19.0-21-generic #21-Ubuntu SMP Sun Jun 14 18:31:11 UTC 2015 x86_64
libc:glibc 2.21 NPTL 2.21 
rlimit: STACK 8192k, CORE 0k, NPROC 30546, NOFILE 65536, AS infinity
load average:2.37 2.00 1.88

/proc/meminfo:
MemTotal:        7917568 kB
MemFree:          275676 kB
MemAvailable:     370288 kB
Buffers:           31684 kB
Cached:          1645896 kB
SwapCached:       145764 kB
Active:          4613572 kB
Inactive:        1143916 kB
Active(anon):    4488972 kB
Inactive(anon):  1030532 kB
Active(file):     124600 kB
Inactive(file):   113384 kB
Unevictable:         284 kB
Mlocked:             284 kB
SwapTotal:       7999484 kB
SwapFree:        5724484 kB
Dirty:              6192 kB
Writeback:             0 kB
AnonPages:       3982916 kB
Mapped:          1584860 kB
Shmem:           1439700 kB
Slab:             104992 kB
SReclaimable:      51112 kB
SUnreclaim:        53880 kB
KernelStack:       13600 kB
PageTables:        76372 kB
NFS_Unstable:          0 kB
Bounce:                0 kB
WritebackTmp:          0 kB
CommitLimit:    11958268 kB
Committed_AS:   13972216 kB
VmallocTotal:   34359738367 kB
VmallocUsed:      320704 kB
VmallocChunk:   34359330300 kB
HardwareCorrupted:     0 kB
AnonHugePages:   1382400 kB
CmaTotal:              0 kB
CmaFree:               0 kB
HugePages_Total:       0
HugePages_Free:        0
HugePages_Rsvd:        0
HugePages_Surp:        0
Hugepagesize:       2048 kB
DirectMap4k:     1295936 kB
DirectMap2M:     6830080 kB
DirectMap1G:           0 kB


CPU:total 6 (6 cores per cpu, 1 threads per core) family 16 model 10 stepping 0, cmov, cx8, fxsr, mmx, sse, sse2, sse3, popcnt, mmxext, 3dnowpref, lzcnt, sse4a, tsc, tscinvbit, tscinv

/proc/cpuinfo:
processor	: 0
vendor_id	: AuthenticAMD
cpu family	: 16
model		: 10
model name	: AMD Phenom(tm) II X6 1055T Processor
stepping	: 0
microcode	: 0x10000bf
cpu MHz		: 800.000
cache size	: 512 KB
physical id	: 0
siblings	: 6
core id		: 0
cpu cores	: 6
apicid		: 0
initial apicid	: 0
fpu		: yes
fpu_exception	: yes
cpuid level	: 6
wp		: yes
flags		: fpu vme de pse tsc msr pae mce cx8 apic sep mtrr pge mca cmov pat pse36 clflush mmx fxsr sse sse2 ht syscall nx mmxext fxsr_opt pdpe1gb rdtscp lm 3dnowext 3dnow constant_tsc rep_good nopl nonstop_tsc extd_apicid aperfmperf pni monitor cx16 popcnt lahf_lm cmp_legacy svm extapic cr8_legacy abm sse4a misalignsse 3dnowprefetch osvw ibs skinit wdt cpb hw_pstate npt lbrv svm_lock nrip_save pausefilter vmmcall
bugs		: tlb_mmatch apic_c1e fxsave_leak
bogomips	: 5599.99
TLB size	: 1024 4K pages
clflush size	: 64
cache_alignment	: 64
address sizes	: 48 bits physical, 48 bits virtual
power management: ts ttp tm stc 100mhzsteps hwpstate cpb

processor	: 1
vendor_id	: AuthenticAMD
cpu family	: 16
model		: 10
model name	: AMD Phenom(tm) II X6 1055T Processor
stepping	: 0
microcode	: 0x10000bf
cpu MHz		: 800.000
cache size	: 512 KB
physical id	: 0
siblings	: 6
core id		: 1
cpu cores	: 6
apicid		: 1
initial apicid	: 1
fpu		: yes
fpu_exception	: yes
cpuid level	: 6
wp		: yes
flags		: fpu vme de pse tsc msr pae mce cx8 apic sep mtrr pge mca cmov pat pse36 clflush mmx fxsr sse sse2 ht syscall nx mmxext fxsr_opt pdpe1gb rdtscp lm 3dnowext 3dnow constant_tsc rep_good nopl nonstop_tsc extd_apicid aperfmperf pni monitor cx16 popcnt lahf_lm cmp_legacy svm extapic cr8_legacy abm sse4a misalignsse 3dnowprefetch osvw ibs skinit wdt cpb hw_pstate npt lbrv svm_lock nrip_save pausefilter vmmcall
bugs		: tlb_mmatch apic_c1e fxsave_leak
bogomips	: 5599.99
TLB size	: 1024 4K pages
clflush size	: 64
cache_alignment	: 64
address sizes	: 48 bits physical, 48 bits virtual
power management: ts ttp tm stc 100mhzsteps hwpstate cpb

processor	: 2
vendor_id	: AuthenticAMD
cpu family	: 16
model		: 10
model name	: AMD Phenom(tm) II X6 1055T Processor
stepping	: 0
microcode	: 0x10000bf
cpu MHz		: 2800.000
cache size	: 512 KB
physical id	: 0
siblings	: 6
core id		: 2
cpu cores	: 6
apicid		: 2
initial apicid	: 2
fpu		: yes
fpu_exception	: yes
cpuid level	: 6
wp		: yes
flags		: fpu vme de pse tsc msr pae mce cx8 apic sep mtrr pge mca cmov pat pse36 clflush mmx fxsr sse sse2 ht syscall nx mmxext fxsr_opt pdpe1gb rdtscp lm 3dnowext 3dnow constant_tsc rep_good nopl nonstop_tsc extd_apicid aperfmperf pni monitor cx16 popcnt lahf_lm cmp_legacy svm extapic cr8_legacy abm sse4a misalignsse 3dnowprefetch osvw ibs skinit wdt cpb hw_pstate npt lbrv svm_lock nrip_save pausefilter vmmcall
bugs		: tlb_mmatch apic_c1e fxsave_leak
bogomips	: 5599.99
TLB size	: 1024 4K pages
clflush size	: 64
cache_alignment	: 64
address sizes	: 48 bits physical, 48 bits virtual
power management: ts ttp tm stc 100mhzsteps hwpstate cpb

processor	: 3
vendor_id	: AuthenticAMD
cpu family	: 16
model		: 10
model name	: AMD Phenom(tm) II X6 1055T Processor
stepping	: 0
microcode	: 0x10000bf
cpu MHz		: 800.000
cache size	: 512 KB
physical id	: 0
siblings	: 6
core id		: 3
cpu cores	: 6
apicid		: 3
initial apicid	: 3
fpu		: yes
fpu_exception	: yes
cpuid level	: 6
wp		: yes
flags		: fpu vme de pse tsc msr pae mce cx8 apic sep mtrr pge mca cmov pat pse36 clflush mmx fxsr sse sse2 ht syscall nx mmxext fxsr_opt pdpe1gb rdtscp lm 3dnowext 3dnow constant_tsc rep_good nopl nonstop_tsc extd_apicid aperfmperf pni monitor cx16 popcnt lahf_lm cmp_legacy svm extapic cr8_legacy abm sse4a misalignsse 3dnowprefetch osvw ibs skinit wdt cpb hw_pstate npt lbrv svm_lock nrip_save pausefilter vmmcall
bugs		: tlb_mmatch apic_c1e fxsave_leak
bogomips	: 5599.99
TLB size	: 1024 4K pages
clflush size	: 64
cache_alignment	: 64
address sizes	: 48 bits physical, 48 bits virtual
power management: ts ttp tm stc 100mhzsteps hwpstate cpb

processor	: 4
vendor_id	: AuthenticAMD
cpu family	: 16
model		: 10
model name	: AMD Phenom(tm) II X6 1055T Processor
stepping	: 0
microcode	: 0x10000bf
cpu MHz		: 800.000
cache size	: 512 KB
physical id	: 0
siblings	: 6
core id		: 4
cpu cores	: 6
apicid		: 4
initial apicid	: 4
fpu		: yes
fpu_exception	: yes
cpuid level	: 6
wp		: yes
flags		: fpu vme de pse tsc msr pae mce cx8 apic sep mtrr pge mca cmov pat pse36 clflush mmx fxsr sse sse2 ht syscall nx mmxext fxsr_opt pdpe1gb rdtscp lm 3dnowext 3dnow constant_tsc rep_good nopl nonstop_tsc extd_apicid aperfmperf pni monitor cx16 popcnt lahf_lm cmp_legacy svm extapic cr8_legacy abm sse4a misalignsse 3dnowprefetch osvw ibs skinit wdt cpb hw_pstate npt lbrv svm_lock nrip_save pausefilter vmmcall
bugs		: tlb_mmatch apic_c1e fxsave_leak
bogomips	: 5599.99
TLB size	: 1024 4K pages
clflush size	: 64
cache_alignment	: 64
address sizes	: 48 bits physical, 48 bits virtual
power management: ts ttp tm stc 100mhzsteps hwpstate cpb

processor	: 5
vendor_id	: AuthenticAMD
cpu family	: 16
model		: 10
model name	: AMD Phenom(tm) II X6 1055T Processor
stepping	: 0
microcode	: 0x10000bf
cpu MHz		: 1500.000
cache size	: 512 KB
physical id	: 0
siblings	: 6
core id		: 5
cpu cores	: 6
apicid		: 5
initial apicid	: 5
fpu		: yes
fpu_exception	: yes
cpuid level	: 6
wp		: yes
flags		: fpu vme de pse tsc msr pae mce cx8 apic sep mtrr pge mca cmov pat pse36 clflush mmx fxsr sse sse2 ht syscall nx mmxext fxsr_opt pdpe1gb rdtscp lm 3dnowext 3dnow constant_tsc rep_good nopl nonstop_tsc extd_apicid aperfmperf pni monitor cx16 popcnt lahf_lm cmp_legacy svm extapic cr8_legacy abm sse4a misalignsse 3dnowprefetch osvw ibs skinit wdt cpb hw_pstate npt lbrv svm_lock nrip_save pausefilter vmmcall
bugs		: tlb_mmatch apic_c1e fxsave_leak
bogomips	: 5599.99
TLB size	: 1024 4K pages
clflush size	: 64
cache_alignment	: 64
address sizes	: 48 bits physical, 48 bits virtual
power management: ts ttp tm stc 100mhzsteps hwpstate cpb



Memory: 4k page, physical 7917568k(275676k free), swap 7999484k(5724484k free)

vm_info: OpenJDK 64-Bit Server VM (25.45-b02) for linux-amd64 JRE (1.8.0_45-internal-b14), built on Apr 20 2015 00:35:04 by "buildd" with gcc 4.9.2

time: Mon Jun 29 19:11:49 2015
elapsed time: 1007 seconds (0d 0h 16m 47s)

